2024-08-24 17:44:57,831 DEBUG    root            Loaded Command Group: ['gcloud', 'compute']
2024-08-24 17:44:57,833 DEBUG    root            Loaded Command Group: ['gcloud', 'compute', 'disk_types']
2024-08-24 17:44:57,837 DEBUG    root            Loaded Command Group: ['gcloud', 'compute', 'disk-types', 'list']
2024-08-24 17:44:57,838 DEBUG    root            Running [gcloud.compute.disk-types.list] with arguments: [--filter: "zone:( europe-west-9a )"]
2024-08-24 17:44:57,902 INFO     root            client_filter='zone:( europe-west-9a )' server_filter=None
2024-08-24 17:44:57,903 DEBUG    root            Chosen display Format:        table(
          name,
          zone.basename(),
          validDiskSize:label=VALID_DISK_SIZES
        )
2024-08-24 17:44:57,903 INFO     root            Display format: "        table(
          name,
          zone.basename(),
          validDiskSize:label=VALID_DISK_SIZES
        )"
2024-08-24 17:44:57,909 DEBUG    urllib3.connectionpool Starting new HTTPS connection (1): compute.googleapis.com:443
2024-08-24 17:44:58,724 DEBUG    urllib3.connectionpool https://compute.googleapis.com:443 "GET /compute/v1/projects/modded-server-417514/aggregated/diskTypes?alt=json&includeAllScopes=True&maxResults=500&returnPartialSuccess=True HTTP/1.1" 200 None
2024-08-24 17:44:58,773 DEBUG    urllib3.connectionpool Starting new HTTPS connection (1): compute.googleapis.com:443
2024-08-24 17:44:59,661 DEBUG    urllib3.connectionpool https://compute.googleapis.com:443 "GET /compute/v1/projects/modded-server-417514/aggregated/diskTypes?alt=json&includeAllScopes=True&maxResults=500&pageToken=CgsIAxESCQAAAAAAABIOCgxoeXBlcmRpc2stbWw%3D&returnPartialSuccess=True HTTP/1.1" 200 None
2024-08-24 17:44:59,694 DEBUG    urllib3.connectionpool Starting new HTTPS connection (1): compute.googleapis.com:443
2024-08-24 17:45:00,480 DEBUG    urllib3.connectionpool https://compute.googleapis.com:443 "GET /compute/v1/projects/modded-server-417514/aggregated/diskTypes?alt=json&includeAllScopes=True&maxResults=500&pageToken=CgsIAxEWCgAAAAAAAA%3D%3D&returnPartialSuccess=True HTTP/1.1" 200 None
2024-08-24 17:45:00,491 INFO     ___FILE_ONLY___ Listed 0 items.

2024-08-24 17:45:00,503 DEBUG    root            Metrics reporting process started...
