2024-08-24 17:45:17,258 DEBUG    root            Loaded Command Group: ['gcloud', 'compute']
2024-08-24 17:45:17,259 DEBUG    root            Loaded Command Group: ['gcloud', 'compute', 'disk_types']
2024-08-24 17:45:17,262 DEBUG    root            Loaded Command Group: ['gcloud', 'compute', 'disk-types', 'list']
2024-08-24 17:45:17,263 DEBUG    root            Running [gcloud.compute.disk-types.list] with arguments: [--filter: "zone:( europe-west2-a )"]
2024-08-24 17:45:17,322 INFO     root            client_filter='zone:( europe-west2-a )' server_filter=None
2024-08-24 17:45:17,323 DEBUG    root            Chosen display Format:        table(
          name,
          zone.basename(),
          validDiskSize:label=VALID_DISK_SIZES
        )
2024-08-24 17:45:17,323 INFO     root            Display format: "        table(
          name,
          zone.basename(),
          validDiskSize:label=VALID_DISK_SIZES
        )"
2024-08-24 17:45:17,329 DEBUG    urllib3.connectionpool Starting new HTTPS connection (1): compute.googleapis.com:443
2024-08-24 17:45:18,183 DEBUG    urllib3.connectionpool https://compute.googleapis.com:443 "GET /compute/v1/projects/modded-server-417514/aggregated/diskTypes?alt=json&includeAllScopes=True&maxResults=500&returnPartialSuccess=True HTTP/1.1" 200 None
2024-08-24 17:45:18,239 DEBUG    urllib3.connectionpool Starting new HTTPS connection (1): compute.googleapis.com:443
2024-08-24 17:45:19,025 DEBUG    urllib3.connectionpool https://compute.googleapis.com:443 "GET /compute/v1/projects/modded-server-417514/aggregated/diskTypes?alt=json&includeAllScopes=True&maxResults=500&pageToken=CgsIAxESCQAAAAAAABIOCgxoeXBlcmRpc2stbWw%3D&returnPartialSuccess=True HTTP/1.1" 200 None
2024-08-24 17:45:19,067 DEBUG    urllib3.connectionpool Starting new HTTPS connection (1): compute.googleapis.com:443
2024-08-24 17:45:19,855 DEBUG    urllib3.connectionpool https://compute.googleapis.com:443 "GET /compute/v1/projects/modded-server-417514/aggregated/diskTypes?alt=json&includeAllScopes=True&maxResults=500&pageToken=CgsIAxEWCgAAAAAAAA%3D%3D&returnPartialSuccess=True HTTP/1.1" 200 None
2024-08-24 17:45:19,866 INFO     ___FILE_ONLY___ NAME
2024-08-24 17:45:19,866 INFO     ___FILE_ONLY___                 
2024-08-24 17:45:19,866 INFO     ___FILE_ONLY___ ZONE
2024-08-24 17:45:19,866 INFO     ___FILE_ONLY___             
2024-08-24 17:45:19,866 INFO     ___FILE_ONLY___ VALID_DISK_SIZES
2024-08-24 17:45:19,866 INFO     ___FILE_ONLY___ 

2024-08-24 17:45:19,866 INFO     ___FILE_ONLY___ hyperdisk-balanced
2024-08-24 17:45:19,866 INFO     ___FILE_ONLY___   
2024-08-24 17:45:19,866 INFO     ___FILE_ONLY___ europe-west2-a
2024-08-24 17:45:19,867 INFO     ___FILE_ONLY___   
2024-08-24 17:45:19,867 INFO     ___FILE_ONLY___ 4GB-65536GB
2024-08-24 17:45:19,867 INFO     ___FILE_ONLY___ 

2024-08-24 17:45:19,867 INFO     ___FILE_ONLY___ hyperdisk-extreme
2024-08-24 17:45:19,867 INFO     ___FILE_ONLY___    
2024-08-24 17:45:19,867 INFO     ___FILE_ONLY___ europe-west2-a
2024-08-24 17:45:19,867 INFO     ___FILE_ONLY___   
2024-08-24 17:45:19,867 INFO     ___FILE_ONLY___ 64GB-65536GB
2024-08-24 17:45:19,867 INFO     ___FILE_ONLY___ 

2024-08-24 17:45:19,867 INFO     ___FILE_ONLY___ hyperdisk-ml
2024-08-24 17:45:19,867 INFO     ___FILE_ONLY___         
2024-08-24 17:45:19,867 INFO     ___FILE_ONLY___ europe-west2-a
2024-08-24 17:45:19,867 INFO     ___FILE_ONLY___   
2024-08-24 17:45:19,867 INFO     ___FILE_ONLY___ 4GB-65536GB
2024-08-24 17:45:19,867 INFO     ___FILE_ONLY___ 

2024-08-24 17:45:19,867 INFO     ___FILE_ONLY___ local-ssd
2024-08-24 17:45:19,867 INFO     ___FILE_ONLY___            
2024-08-24 17:45:19,867 INFO     ___FILE_ONLY___ europe-west2-a
2024-08-24 17:45:19,867 INFO     ___FILE_ONLY___   
2024-08-24 17:45:19,868 INFO     ___FILE_ONLY___ 375GB-375GB
2024-08-24 17:45:19,868 INFO     ___FILE_ONLY___ 

2024-08-24 17:45:19,868 INFO     ___FILE_ONLY___ pd-balanced
2024-08-24 17:45:19,868 INFO     ___FILE_ONLY___          
2024-08-24 17:45:19,868 INFO     ___FILE_ONLY___ europe-west2-a
2024-08-24 17:45:19,868 INFO     ___FILE_ONLY___   
2024-08-24 17:45:19,868 INFO     ___FILE_ONLY___ 10GB-65536GB
2024-08-24 17:45:19,868 INFO     ___FILE_ONLY___ 

2024-08-24 17:45:19,868 INFO     ___FILE_ONLY___ pd-extreme
2024-08-24 17:45:19,868 INFO     ___FILE_ONLY___           
2024-08-24 17:45:19,868 INFO     ___FILE_ONLY___ europe-west2-a
2024-08-24 17:45:19,868 INFO     ___FILE_ONLY___   
2024-08-24 17:45:19,868 INFO     ___FILE_ONLY___ 500GB-65536GB
2024-08-24 17:45:19,868 INFO     ___FILE_ONLY___ 

2024-08-24 17:45:19,868 INFO     ___FILE_ONLY___ pd-ssd
2024-08-24 17:45:19,868 INFO     ___FILE_ONLY___               
2024-08-24 17:45:19,868 INFO     ___FILE_ONLY___ europe-west2-a
2024-08-24 17:45:19,868 INFO     ___FILE_ONLY___   
2024-08-24 17:45:19,868 INFO     ___FILE_ONLY___ 10GB-65536GB
2024-08-24 17:45:19,869 INFO     ___FILE_ONLY___ 

2024-08-24 17:45:19,869 INFO     ___FILE_ONLY___ pd-standard
2024-08-24 17:45:19,869 INFO     ___FILE_ONLY___          
2024-08-24 17:45:19,869 INFO     ___FILE_ONLY___ europe-west2-a
2024-08-24 17:45:19,869 INFO     ___FILE_ONLY___   
2024-08-24 17:45:19,869 INFO     ___FILE_ONLY___ 10GB-65536GB
2024-08-24 17:45:19,869 INFO     ___FILE_ONLY___ 

2024-08-24 17:45:19,879 DEBUG    root            Metrics reporting process started...
