2024-08-27 14:13:34,348 DEBUG    root            Loaded Command Group: ['gcloud', 'components']
2024-08-27 14:13:34,351 DEBUG    root            Loaded Command Group: ['gcloud', 'components', 'update']
2024-08-27 14:13:34,352 DEBUG    root            Running [gcloud.components.update] with arguments: []
2024-08-27 14:13:34,352 INFO     ___FILE_ONLY___ Beginning update. This process may take several minutes.

2024-08-27 14:13:34,362 DEBUG    urllib3.connectionpool Starting new HTTPS connection (1): dl.google.com:443
2024-08-27 14:13:34,492 DEBUG    urllib3.connectionpool https://dl.google.com:443 "GET /dl/cloudsdk/channels/rapid/components-2.json HTTP/1.1" 200 229029
2024-08-27 14:13:34,599 INFO     ___FILE_ONLY___ 

2024-08-27 14:13:34,599 INFO     ___FILE_ONLY___ 
Your current Google Cloud CLI version is: 488.0.0

2024-08-27 14:13:34,599 INFO     ___FILE_ONLY___ You will be upgraded to version: 489.0.0

2024-08-27 14:13:34,599 INFO     ___FILE_ONLY___ 

2024-08-27 14:13:34,600 DEBUG    root            Chosen display Format:table[box,title="These components will be removed."](details.display_name:label=Name:align=left,version.version_string:label=Version:align=right,data.size.size(zero="",min=1048576):label=Size:align=right)
2024-08-27 14:13:34,600 DEBUG    root            Chosen display Format:table[box,title="These components will be updated."](details.display_name:label=Name:align=left,version.version_string:label=Version:align=right,data.size.size(zero="",min=1048576):label=Size:align=right)
2024-08-27 14:13:34,613 INFO     ___FILE_ONLY___ ┌─────────────────────────────────────────────────────────┐
2024-08-27 14:13:34,613 INFO     ___FILE_ONLY___ 

2024-08-27 14:13:34,613 INFO     ___FILE_ONLY___ │            These components will be updated.            │
2024-08-27 14:13:34,613 INFO     ___FILE_ONLY___ 

2024-08-27 14:13:34,613 INFO     ___FILE_ONLY___ ├─────────────────────────────────┬────────────┬──────────┤
2024-08-27 14:13:34,613 INFO     ___FILE_ONLY___ 

2024-08-27 14:13:34,613 INFO     ___FILE_ONLY___ │               Name              │  Version   │   Size   │
2024-08-27 14:13:34,613 INFO     ___FILE_ONLY___ 

2024-08-27 14:13:34,613 INFO     ___FILE_ONLY___ ├─────────────────────────────────┼────────────┼──────────┤
2024-08-27 14:13:34,613 INFO     ___FILE_ONLY___ 

2024-08-27 14:13:34,613 INFO     ___FILE_ONLY___ │ 
2024-08-27 14:13:34,613 INFO     ___FILE_ONLY___ BigQuery Command Line Tool     
2024-08-27 14:13:34,613 INFO     ___FILE_ONLY___  
2024-08-27 14:13:34,613 INFO     ___FILE_ONLY___ │ 
2024-08-27 14:13:34,613 INFO     ___FILE_ONLY___      2.1.8
2024-08-27 14:13:34,613 INFO     ___FILE_ONLY___  
2024-08-27 14:13:34,613 INFO     ___FILE_ONLY___ │ 
2024-08-27 14:13:34,613 INFO     ___FILE_ONLY___  1.7 MiB
2024-08-27 14:13:34,613 INFO     ___FILE_ONLY___  
2024-08-27 14:13:34,613 INFO     ___FILE_ONLY___ │
2024-08-27 14:13:34,613 INFO     ___FILE_ONLY___ 

2024-08-27 14:13:34,613 INFO     ___FILE_ONLY___ │ 
2024-08-27 14:13:34,613 INFO     ___FILE_ONLY___ Google Cloud CLI Core Libraries
2024-08-27 14:13:34,613 INFO     ___FILE_ONLY___  
2024-08-27 14:13:34,613 INFO     ___FILE_ONLY___ │ 
2024-08-27 14:13:34,614 INFO     ___FILE_ONLY___ 2024.08.16
2024-08-27 14:13:34,614 INFO     ___FILE_ONLY___  
2024-08-27 14:13:34,614 INFO     ___FILE_ONLY___ │ 
2024-08-27 14:13:34,614 INFO     ___FILE_ONLY___ 19.4 MiB
2024-08-27 14:13:34,614 INFO     ___FILE_ONLY___  
2024-08-27 14:13:34,614 INFO     ___FILE_ONLY___ │
2024-08-27 14:13:34,614 INFO     ___FILE_ONLY___ 

2024-08-27 14:13:34,614 INFO     ___FILE_ONLY___ └─────────────────────────────────┴────────────┴──────────┘
2024-08-27 14:13:34,614 INFO     ___FILE_ONLY___ 

2024-08-27 14:13:34,614 DEBUG    root            Chosen display Format:table[box,title="These components will be installed."](details.display_name:label=Name:align=left,version.version_string:label=Version:align=right,data.size.size(zero="",min=1048576):label=Size:align=right)
2024-08-27 14:13:34,614 INFO     ___FILE_ONLY___ 

2024-08-27 14:13:34,617 DEBUG    urllib3.connectionpool Starting new HTTPS connection (1): dl.google.com:443
2024-08-27 14:13:34,873 DEBUG    urllib3.connectionpool https://dl.google.com:443 "GET /dl/cloudsdk/channels/rapid/RELEASE_NOTES HTTP/1.1" 200 1259049
2024-08-27 14:13:35,096 INFO     ___FILE_ONLY___ The following release notes are new in this upgrade.
Please read carefully for information about new features, breaking changes,
and bugs fixed.  The latest full release notes can be viewed at:
  https://cloud.google.com/sdk/release_notes


2024-08-27 14:13:35,096 INFO     ___FILE_ONLY___ [m
2024-08-27 14:13:35,096 INFO     ___FILE_ONLY___ [1m489.0.0 (2024-08-20)[m

2024-08-27 14:13:35,096 INFO     ___FILE_ONLY___ [m
2024-08-27 14:13:35,096 INFO     ___FILE_ONLY___   
2024-08-27 14:13:35,096 INFO     ___FILE_ONLY___ [1mCloud Dataplex[m

2024-08-27 14:13:35,096 INFO     ___FILE_ONLY___       ▪
2024-08-27 14:13:35,096 INFO     ___FILE_ONLY___  
2024-08-27 14:13:35,096 INFO     ___FILE_ONLY___ Adjusted
2024-08-27 14:13:35,096 INFO     ___FILE_ONLY___  
2024-08-27 14:13:35,096 INFO     ___FILE_ONLY___ [1mgcloud
2024-08-27 14:13:35,096 INFO     ___FILE_ONLY___  
2024-08-27 14:13:35,096 INFO     ___FILE_ONLY___ dataplex
2024-08-27 14:13:35,096 INFO     ___FILE_ONLY___  
2024-08-27 14:13:35,096 INFO     ___FILE_ONLY___ entries
2024-08-27 14:13:35,097 INFO     ___FILE_ONLY___  
2024-08-27 14:13:35,097 INFO     ___FILE_ONLY___ search[m
2024-08-27 14:13:35,097 INFO     ___FILE_ONLY___  
2024-08-27 14:13:35,097 INFO     ___FILE_ONLY___ page-size
2024-08-27 14:13:35,097 INFO     ___FILE_ONLY___  
2024-08-27 14:13:35,097 INFO     ___FILE_ONLY___ limit
2024-08-27 14:13:35,097 INFO     ___FILE_ONLY___  
2024-08-27 14:13:35,097 INFO     ___FILE_ONLY___ to
2024-08-27 14:13:35,097 INFO     ___FILE_ONLY___  
2024-08-27 14:13:35,097 INFO     ___FILE_ONLY___ match
2024-08-27 14:13:35,097 INFO     ___FILE_ONLY___  
2024-08-27 14:13:35,097 INFO     ___FILE_ONLY___ the
2024-08-27 14:13:35,097 INFO     ___FILE_ONLY___ 

2024-08-27 14:13:35,097 INFO     ___FILE_ONLY___         
2024-08-27 14:13:35,097 INFO     ___FILE_ONLY___ public
2024-08-27 14:13:35,097 INFO     ___FILE_ONLY___  
2024-08-27 14:13:35,097 INFO     ___FILE_ONLY___ API
2024-08-27 14:13:35,097 INFO     ___FILE_ONLY___  
2024-08-27 14:13:35,097 INFO     ___FILE_ONLY___ documentation.
2024-08-27 14:13:35,097 INFO     ___FILE_ONLY___ 

2024-08-27 14:13:35,097 INFO     ___FILE_ONLY___ 

2024-08-27 14:13:35,097 INFO     ___FILE_ONLY___ [m
2024-08-27 14:13:35,097 INFO     ___FILE_ONLY___   
2024-08-27 14:13:35,097 INFO     ___FILE_ONLY___ [1mCloud Filestore[m

2024-08-27 14:13:35,097 INFO     ___FILE_ONLY___       ▪
2024-08-27 14:13:35,097 INFO     ___FILE_ONLY___  
2024-08-27 14:13:35,097 INFO     ___FILE_ONLY___ Added
2024-08-27 14:13:35,097 INFO     ___FILE_ONLY___  
2024-08-27 14:13:35,097 INFO     ___FILE_ONLY___ MAX_READ_IOPS
2024-08-27 14:13:35,097 INFO     ___FILE_ONLY___  
2024-08-27 14:13:35,097 INFO     ___FILE_ONLY___ column
2024-08-27 14:13:35,097 INFO     ___FILE_ONLY___  
2024-08-27 14:13:35,097 INFO     ___FILE_ONLY___ to
2024-08-27 14:13:35,098 INFO     ___FILE_ONLY___  
2024-08-27 14:13:35,098 INFO     ___FILE_ONLY___ [1mgcloud
2024-08-27 14:13:35,098 INFO     ___FILE_ONLY___  
2024-08-27 14:13:35,098 INFO     ___FILE_ONLY___ beta
2024-08-27 14:13:35,098 INFO     ___FILE_ONLY___  
2024-08-27 14:13:35,098 INFO     ___FILE_ONLY___ filestore
2024-08-27 14:13:35,098 INFO     ___FILE_ONLY___  
2024-08-27 14:13:35,098 INFO     ___FILE_ONLY___ instances
2024-08-27 14:13:35,098 INFO     ___FILE_ONLY___  
2024-08-27 14:13:35,098 INFO     ___FILE_ONLY___ list[m
2024-08-27 14:13:35,098 INFO     ___FILE_ONLY___ 

2024-08-27 14:13:35,098 INFO     ___FILE_ONLY___         
2024-08-27 14:13:35,098 INFO     ___FILE_ONLY___ and
2024-08-27 14:13:35,098 INFO     ___FILE_ONLY___  
2024-08-27 14:13:35,098 INFO     ___FILE_ONLY___ [1mgcloud
2024-08-27 14:13:35,098 INFO     ___FILE_ONLY___  
2024-08-27 14:13:35,098 INFO     ___FILE_ONLY___ filestore
2024-08-27 14:13:35,098 INFO     ___FILE_ONLY___  
2024-08-27 14:13:35,098 INFO     ___FILE_ONLY___ instances
2024-08-27 14:13:35,098 INFO     ___FILE_ONLY___  
2024-08-27 14:13:35,098 INFO     ___FILE_ONLY___ list[m.
2024-08-27 14:13:35,098 INFO     ___FILE_ONLY___ 

2024-08-27 14:13:35,098 INFO     ___FILE_ONLY___ 

2024-08-27 14:13:35,098 INFO     ___FILE_ONLY___ [m
2024-08-27 14:13:35,098 INFO     ___FILE_ONLY___   
2024-08-27 14:13:35,098 INFO     ___FILE_ONLY___ [1mCloud Firestore[m

2024-08-27 14:13:35,098 INFO     ___FILE_ONLY___       ▪
2024-08-27 14:13:35,098 INFO     ___FILE_ONLY___  
2024-08-27 14:13:35,098 INFO     ___FILE_ONLY___ Promoted
2024-08-27 14:13:35,098 INFO     ___FILE_ONLY___  
2024-08-27 14:13:35,098 INFO     ___FILE_ONLY___ [1mvector-config[m
2024-08-27 14:13:35,098 INFO     ___FILE_ONLY___  
2024-08-27 14:13:35,099 INFO     ___FILE_ONLY___ flag
2024-08-27 14:13:35,099 INFO     ___FILE_ONLY___  
2024-08-27 14:13:35,099 INFO     ___FILE_ONLY___ of
2024-08-27 14:13:35,099 INFO     ___FILE_ONLY___  
2024-08-27 14:13:35,099 INFO     ___FILE_ONLY___ [1mgcloud
2024-08-27 14:13:35,099 INFO     ___FILE_ONLY___  
2024-08-27 14:13:35,099 INFO     ___FILE_ONLY___ firestore
2024-08-27 14:13:35,099 INFO     ___FILE_ONLY___  
2024-08-27 14:13:35,099 INFO     ___FILE_ONLY___ indexes
2024-08-27 14:13:35,099 INFO     ___FILE_ONLY___  
2024-08-27 14:13:35,099 INFO     ___FILE_ONLY___ composite
2024-08-27 14:13:35,099 INFO     ___FILE_ONLY___ 

2024-08-27 14:13:35,099 INFO     ___FILE_ONLY___         
2024-08-27 14:13:35,099 INFO     ___FILE_ONLY___ create[m
2024-08-27 14:13:35,099 INFO     ___FILE_ONLY___  
2024-08-27 14:13:35,099 INFO     ___FILE_ONLY___ command
2024-08-27 14:13:35,099 INFO     ___FILE_ONLY___  
2024-08-27 14:13:35,099 INFO     ___FILE_ONLY___ to
2024-08-27 14:13:35,099 INFO     ___FILE_ONLY___  
2024-08-27 14:13:35,099 INFO     ___FILE_ONLY___ beta
2024-08-27 14:13:35,099 INFO     ___FILE_ONLY___  
2024-08-27 14:13:35,099 INFO     ___FILE_ONLY___ and
2024-08-27 14:13:35,099 INFO     ___FILE_ONLY___  
2024-08-27 14:13:35,099 INFO     ___FILE_ONLY___ GA.
2024-08-27 14:13:35,099 INFO     ___FILE_ONLY___ 

2024-08-27 14:13:35,099 INFO     ___FILE_ONLY___       ▪
2024-08-27 14:13:35,099 INFO     ___FILE_ONLY___  
2024-08-27 14:13:35,099 INFO     ___FILE_ONLY___ Added
2024-08-27 14:13:35,099 INFO     ___FILE_ONLY___  
2024-08-27 14:13:35,099 INFO     ___FILE_ONLY___ firestore
2024-08-27 14:13:35,099 INFO     ___FILE_ONLY___  
2024-08-27 14:13:35,099 INFO     ___FILE_ONLY___ bulk-delete
2024-08-27 14:13:35,099 INFO     ___FILE_ONLY___  
2024-08-27 14:13:35,099 INFO     ___FILE_ONLY___ command
2024-08-27 14:13:35,100 INFO     ___FILE_ONLY___  
2024-08-27 14:13:35,100 INFO     ___FILE_ONLY___ in
2024-08-27 14:13:35,100 INFO     ___FILE_ONLY___  
2024-08-27 14:13:35,100 INFO     ___FILE_ONLY___ alpha
2024-08-27 14:13:35,100 INFO     ___FILE_ONLY___  
2024-08-27 14:13:35,100 INFO     ___FILE_ONLY___ and
2024-08-27 14:13:35,100 INFO     ___FILE_ONLY___  
2024-08-27 14:13:35,100 INFO     ___FILE_ONLY___ beta
2024-08-27 14:13:35,100 INFO     ___FILE_ONLY___  
2024-08-27 14:13:35,100 INFO     ___FILE_ONLY___ to
2024-08-27 14:13:35,100 INFO     ___FILE_ONLY___  
2024-08-27 14:13:35,100 INFO     ___FILE_ONLY___ delete
2024-08-27 14:13:35,100 INFO     ___FILE_ONLY___  
2024-08-27 14:13:35,100 INFO     ___FILE_ONLY___ data
2024-08-27 14:13:35,100 INFO     ___FILE_ONLY___ 

2024-08-27 14:13:35,100 INFO     ___FILE_ONLY___         
2024-08-27 14:13:35,100 INFO     ___FILE_ONLY___ in
2024-08-27 14:13:35,100 INFO     ___FILE_ONLY___  
2024-08-27 14:13:35,100 INFO     ___FILE_ONLY___ bulk.
2024-08-27 14:13:35,100 INFO     ___FILE_ONLY___ 

2024-08-27 14:13:35,100 INFO     ___FILE_ONLY___ 

2024-08-27 14:13:35,100 INFO     ___FILE_ONLY___ [m
2024-08-27 14:13:35,100 INFO     ___FILE_ONLY___   
2024-08-27 14:13:35,100 INFO     ___FILE_ONLY___ [1mCloud Firestore Emulator[m

2024-08-27 14:13:35,100 INFO     ___FILE_ONLY___       ▪
2024-08-27 14:13:35,100 INFO     ___FILE_ONLY___  
2024-08-27 14:13:35,100 INFO     ___FILE_ONLY___ Release
2024-08-27 14:13:35,100 INFO     ___FILE_ONLY___  
2024-08-27 14:13:35,100 INFO     ___FILE_ONLY___ Cloud
2024-08-27 14:13:35,100 INFO     ___FILE_ONLY___  
2024-08-27 14:13:35,100 INFO     ___FILE_ONLY___ Firestore
2024-08-27 14:13:35,100 INFO     ___FILE_ONLY___  
2024-08-27 14:13:35,100 INFO     ___FILE_ONLY___ emulator
2024-08-27 14:13:35,100 INFO     ___FILE_ONLY___  
2024-08-27 14:13:35,101 INFO     ___FILE_ONLY___ v1.19.8
2024-08-27 14:13:35,101 INFO     ___FILE_ONLY___ 

2024-08-27 14:13:35,101 INFO     ___FILE_ONLY___         ◆
2024-08-27 14:13:35,101 INFO     ___FILE_ONLY___  
2024-08-27 14:13:35,101 INFO     ___FILE_ONLY___ Properly
2024-08-27 14:13:35,101 INFO     ___FILE_ONLY___  
2024-08-27 14:13:35,101 INFO     ___FILE_ONLY___ sets
2024-08-27 14:13:35,101 INFO     ___FILE_ONLY___  
2024-08-27 14:13:35,101 INFO     ___FILE_ONLY___ transaction
2024-08-27 14:13:35,101 INFO     ___FILE_ONLY___  
2024-08-27 14:13:35,101 INFO     ___FILE_ONLY___ in
2024-08-27 14:13:35,101 INFO     ___FILE_ONLY___  
2024-08-27 14:13:35,101 INFO     ___FILE_ONLY___ lookup
2024-08-27 14:13:35,101 INFO     ___FILE_ONLY___  
2024-08-27 14:13:35,101 INFO     ___FILE_ONLY___ response.
2024-08-27 14:13:35,101 INFO     ___FILE_ONLY___ 

2024-08-27 14:13:35,101 INFO     ___FILE_ONLY___         ◆
2024-08-27 14:13:35,101 INFO     ___FILE_ONLY___  
2024-08-27 14:13:35,101 INFO     ___FILE_ONLY___ Properly
2024-08-27 14:13:35,101 INFO     ___FILE_ONLY___  
2024-08-27 14:13:35,101 INFO     ___FILE_ONLY___ sets
2024-08-27 14:13:35,101 INFO     ___FILE_ONLY___  
2024-08-27 14:13:35,101 INFO     ___FILE_ONLY___ [1mNO_MORE_RESULTS[m
2024-08-27 14:13:35,101 INFO     ___FILE_ONLY___  
2024-08-27 14:13:35,101 INFO     ___FILE_ONLY___ when
2024-08-27 14:13:35,101 INFO     ___FILE_ONLY___  
2024-08-27 14:13:35,101 INFO     ___FILE_ONLY___ there
2024-08-27 14:13:35,101 INFO     ___FILE_ONLY___  
2024-08-27 14:13:35,101 INFO     ___FILE_ONLY___ are
2024-08-27 14:13:35,101 INFO     ___FILE_ONLY___  
2024-08-27 14:13:35,101 INFO     ___FILE_ONLY___ no
2024-08-27 14:13:35,101 INFO     ___FILE_ONLY___  
2024-08-27 14:13:35,101 INFO     ___FILE_ONLY___ more
2024-08-27 14:13:35,101 INFO     ___FILE_ONLY___  
2024-08-27 14:13:35,102 INFO     ___FILE_ONLY___ results.
2024-08-27 14:13:35,102 INFO     ___FILE_ONLY___ 

2024-08-27 14:13:35,102 INFO     ___FILE_ONLY___         ◆
2024-08-27 14:13:35,102 INFO     ___FILE_ONLY___  
2024-08-27 14:13:35,102 INFO     ___FILE_ONLY___ Persistence
2024-08-27 14:13:35,102 INFO     ___FILE_ONLY___  
2024-08-27 14:13:35,102 INFO     ___FILE_ONLY___ now
2024-08-27 14:13:35,102 INFO     ___FILE_ONLY___  
2024-08-27 14:13:35,102 INFO     ___FILE_ONLY___ supported
2024-08-27 14:13:35,102 INFO     ___FILE_ONLY___  
2024-08-27 14:13:35,102 INFO     ___FILE_ONLY___ via
2024-08-27 14:13:35,102 INFO     ___FILE_ONLY___  
2024-08-27 14:13:35,102 INFO     ___FILE_ONLY___ import/export
2024-08-27 14:13:35,102 INFO     ___FILE_ONLY___  
2024-08-27 14:13:35,102 INFO     ___FILE_ONLY___ flags:
2024-08-27 14:13:35,102 INFO     ___FILE_ONLY___ 

2024-08-27 14:13:35,102 INFO     ___FILE_ONLY___           
2024-08-27 14:13:35,102 INFO     ___FILE_ONLY___ <https://cloud.google.com/datastore/docs/emulator#persist_data_in_the_emulator>.
2024-08-27 14:13:35,102 INFO     ___FILE_ONLY___ 

2024-08-27 14:13:35,102 INFO     ___FILE_ONLY___         ◆
2024-08-27 14:13:35,102 INFO     ___FILE_ONLY___  
2024-08-27 14:13:35,102 INFO     ___FILE_ONLY___ Add
2024-08-27 14:13:35,102 INFO     ___FILE_ONLY___  
2024-08-27 14:13:35,102 INFO     ___FILE_ONLY___ support
2024-08-27 14:13:35,102 INFO     ___FILE_ONLY___  
2024-08-27 14:13:35,102 INFO     ___FILE_ONLY___ for
2024-08-27 14:13:35,102 INFO     ___FILE_ONLY___  
2024-08-27 14:13:35,102 INFO     ___FILE_ONLY___ [1mFindNearest.distanceResultField[m
2024-08-27 14:13:35,102 INFO     ___FILE_ONLY___  
2024-08-27 14:13:35,102 INFO     ___FILE_ONLY___ and
2024-08-27 14:13:35,102 INFO     ___FILE_ONLY___ 

2024-08-27 14:13:35,103 INFO     ___FILE_ONLY___           
2024-08-27 14:13:35,103 INFO     ___FILE_ONLY___ [1mFindNearest.distanceThreshold[m
2024-08-27 14:13:35,103 INFO     ___FILE_ONLY___  
2024-08-27 14:13:35,103 INFO     ___FILE_ONLY___ parameters.
2024-08-27 14:13:35,103 INFO     ___FILE_ONLY___ 

2024-08-27 14:13:35,103 INFO     ___FILE_ONLY___ 

2024-08-27 14:13:35,103 INFO     ___FILE_ONLY___ [m
2024-08-27 14:13:35,103 INFO     ___FILE_ONLY___   
2024-08-27 14:13:35,103 INFO     ___FILE_ONLY___ [1mCloud Run[m

2024-08-27 14:13:35,103 INFO     ___FILE_ONLY___       ▪
2024-08-27 14:13:35,103 INFO     ___FILE_ONLY___  
2024-08-27 14:13:35,103 INFO     ___FILE_ONLY___ Added
2024-08-27 14:13:35,103 INFO     ___FILE_ONLY___  
2024-08-27 14:13:35,103 INFO     ___FILE_ONLY___ [1m--build-env-vars,
2024-08-27 14:13:35,103 INFO     ___FILE_ONLY___  
2024-08-27 14:13:35,103 INFO     ___FILE_ONLY___ --function,
2024-08-27 14:13:35,103 INFO     ___FILE_ONLY___  
2024-08-27 14:13:35,103 INFO     ___FILE_ONLY___ --base-image,
2024-08-27 14:13:35,103 INFO     ___FILE_ONLY___ 

2024-08-27 14:13:35,103 INFO     ___FILE_ONLY___         
2024-08-27 14:13:35,103 INFO     ___FILE_ONLY___ --automatic-updates,
2024-08-27 14:13:35,103 INFO     ___FILE_ONLY___  
2024-08-27 14:13:35,103 INFO     ___FILE_ONLY___ --build-worker-pool,
2024-08-27 14:13:35,103 INFO     ___FILE_ONLY___  
2024-08-27 14:13:35,103 INFO     ___FILE_ONLY___ --delegate-builds,
2024-08-27 14:13:35,103 INFO     ___FILE_ONLY___ 

2024-08-27 14:13:35,103 INFO     ___FILE_ONLY___         
2024-08-27 14:13:35,103 INFO     ___FILE_ONLY___ --build-service-account[m
2024-08-27 14:13:35,103 INFO     ___FILE_ONLY___  
2024-08-27 14:13:35,103 INFO     ___FILE_ONLY___ to
2024-08-27 14:13:35,103 INFO     ___FILE_ONLY___  
2024-08-27 14:13:35,103 INFO     ___FILE_ONLY___ improve
2024-08-27 14:13:35,103 INFO     ___FILE_ONLY___  
2024-08-27 14:13:35,103 INFO     ___FILE_ONLY___ [1m--source[m
2024-08-27 14:13:35,103 INFO     ___FILE_ONLY___  
2024-08-27 14:13:35,103 INFO     ___FILE_ONLY___ deployments
2024-08-27 14:13:35,103 INFO     ___FILE_ONLY___  
2024-08-27 14:13:35,104 INFO     ___FILE_ONLY___ on
2024-08-27 14:13:35,104 INFO     ___FILE_ONLY___  
2024-08-27 14:13:35,104 INFO     ___FILE_ONLY___ beta.
2024-08-27 14:13:35,104 INFO     ___FILE_ONLY___ 

2024-08-27 14:13:35,104 INFO     ___FILE_ONLY___ 

2024-08-27 14:13:35,104 INFO     ___FILE_ONLY___ [m
2024-08-27 14:13:35,104 INFO     ___FILE_ONLY___   
2024-08-27 14:13:35,104 INFO     ___FILE_ONLY___ [1mCloud Storage[m

2024-08-27 14:13:35,104 INFO     ___FILE_ONLY___       ▪
2024-08-27 14:13:35,104 INFO     ___FILE_ONLY___  
2024-08-27 14:13:35,104 INFO     ___FILE_ONLY___ Fix
2024-08-27 14:13:35,104 INFO     ___FILE_ONLY___  
2024-08-27 14:13:35,104 INFO     ___FILE_ONLY___ missing
2024-08-27 14:13:35,104 INFO     ___FILE_ONLY___  
2024-08-27 14:13:35,104 INFO     ___FILE_ONLY___ hash
2024-08-27 14:13:35,104 INFO     ___FILE_ONLY___  
2024-08-27 14:13:35,104 INFO     ___FILE_ONLY___ validation
2024-08-27 14:13:35,104 INFO     ___FILE_ONLY___  
2024-08-27 14:13:35,104 INFO     ___FILE_ONLY___ for
2024-08-27 14:13:35,104 INFO     ___FILE_ONLY___  
2024-08-27 14:13:35,104 INFO     ___FILE_ONLY___ CMEK
2024-08-27 14:13:35,104 INFO     ___FILE_ONLY___  
2024-08-27 14:13:35,104 INFO     ___FILE_ONLY___ encrypted
2024-08-27 14:13:35,104 INFO     ___FILE_ONLY___  
2024-08-27 14:13:35,104 INFO     ___FILE_ONLY___ downloads
2024-08-27 14:13:35,104 INFO     ___FILE_ONLY___  
2024-08-27 14:13:35,104 INFO     ___FILE_ONLY___ via
2024-08-27 14:13:35,104 INFO     ___FILE_ONLY___  
2024-08-27 14:13:35,104 INFO     ___FILE_ONLY___ rsync.
2024-08-27 14:13:35,104 INFO     ___FILE_ONLY___ 

2024-08-27 14:13:35,104 INFO     ___FILE_ONLY___ 

2024-08-27 14:13:35,104 INFO     ___FILE_ONLY___ [m
2024-08-27 14:13:35,104 INFO     ___FILE_ONLY___   
2024-08-27 14:13:35,104 INFO     ___FILE_ONLY___ [1mColab Enterprise[m

2024-08-27 14:13:35,104 INFO     ___FILE_ONLY___       ▪
2024-08-27 14:13:35,104 INFO     ___FILE_ONLY___  
2024-08-27 14:13:35,104 INFO     ___FILE_ONLY___ Added
2024-08-27 14:13:35,104 INFO     ___FILE_ONLY___  
2024-08-27 14:13:35,105 INFO     ___FILE_ONLY___ [1mgcloud
2024-08-27 14:13:35,105 INFO     ___FILE_ONLY___  
2024-08-27 14:13:35,105 INFO     ___FILE_ONLY___ beta
2024-08-27 14:13:35,105 INFO     ___FILE_ONLY___  
2024-08-27 14:13:35,105 INFO     ___FILE_ONLY___ colab-enterprise[m
2024-08-27 14:13:35,105 INFO     ___FILE_ONLY___  
2024-08-27 14:13:35,105 INFO     ___FILE_ONLY___ to
2024-08-27 14:13:35,105 INFO     ___FILE_ONLY___  
2024-08-27 14:13:35,105 INFO     ___FILE_ONLY___ manage
2024-08-27 14:13:35,105 INFO     ___FILE_ONLY___  
2024-08-27 14:13:35,105 INFO     ___FILE_ONLY___ colab
2024-08-27 14:13:35,105 INFO     ___FILE_ONLY___  
2024-08-27 14:13:35,105 INFO     ___FILE_ONLY___ enterprise
2024-08-27 14:13:35,105 INFO     ___FILE_ONLY___ 

2024-08-27 14:13:35,105 INFO     ___FILE_ONLY___         
2024-08-27 14:13:35,105 INFO     ___FILE_ONLY___ resources.
2024-08-27 14:13:35,105 INFO     ___FILE_ONLY___ 

2024-08-27 14:13:35,105 INFO     ___FILE_ONLY___       ▪
2024-08-27 14:13:35,105 INFO     ___FILE_ONLY___  
2024-08-27 14:13:35,105 INFO     ___FILE_ONLY___ Added
2024-08-27 14:13:35,105 INFO     ___FILE_ONLY___  
2024-08-27 14:13:35,105 INFO     ___FILE_ONLY___ [1mgcloud
2024-08-27 14:13:35,105 INFO     ___FILE_ONLY___  
2024-08-27 14:13:35,105 INFO     ___FILE_ONLY___ beta
2024-08-27 14:13:35,105 INFO     ___FILE_ONLY___  
2024-08-27 14:13:35,105 INFO     ___FILE_ONLY___ colab-enterprise
2024-08-27 14:13:35,105 INFO     ___FILE_ONLY___  
2024-08-27 14:13:35,105 INFO     ___FILE_ONLY___ runtime-templates[m.
2024-08-27 14:13:35,105 INFO     ___FILE_ONLY___ 

2024-08-27 14:13:35,105 INFO     ___FILE_ONLY___       ▪
2024-08-27 14:13:35,105 INFO     ___FILE_ONLY___  
2024-08-27 14:13:35,105 INFO     ___FILE_ONLY___ Added
2024-08-27 14:13:35,105 INFO     ___FILE_ONLY___  
2024-08-27 14:13:35,105 INFO     ___FILE_ONLY___ [1mgcloud
2024-08-27 14:13:35,105 INFO     ___FILE_ONLY___  
2024-08-27 14:13:35,105 INFO     ___FILE_ONLY___ beta
2024-08-27 14:13:35,105 INFO     ___FILE_ONLY___  
2024-08-27 14:13:35,105 INFO     ___FILE_ONLY___ colab-enterprise
2024-08-27 14:13:35,105 INFO     ___FILE_ONLY___  
2024-08-27 14:13:35,106 INFO     ___FILE_ONLY___ runtime-templates
2024-08-27 14:13:35,106 INFO     ___FILE_ONLY___  
2024-08-27 14:13:35,106 INFO     ___FILE_ONLY___ create[m.
2024-08-27 14:13:35,106 INFO     ___FILE_ONLY___ 

2024-08-27 14:13:35,106 INFO     ___FILE_ONLY___       ▪
2024-08-27 14:13:35,106 INFO     ___FILE_ONLY___  
2024-08-27 14:13:35,106 INFO     ___FILE_ONLY___ Added
2024-08-27 14:13:35,106 INFO     ___FILE_ONLY___  
2024-08-27 14:13:35,106 INFO     ___FILE_ONLY___ [1mgcloud
2024-08-27 14:13:35,106 INFO     ___FILE_ONLY___  
2024-08-27 14:13:35,106 INFO     ___FILE_ONLY___ beta
2024-08-27 14:13:35,106 INFO     ___FILE_ONLY___  
2024-08-27 14:13:35,106 INFO     ___FILE_ONLY___ colab-enterprise
2024-08-27 14:13:35,106 INFO     ___FILE_ONLY___  
2024-08-27 14:13:35,106 INFO     ___FILE_ONLY___ runtime-templates
2024-08-27 14:13:35,106 INFO     ___FILE_ONLY___  
2024-08-27 14:13:35,106 INFO     ___FILE_ONLY___ delete[m.
2024-08-27 14:13:35,106 INFO     ___FILE_ONLY___ 

2024-08-27 14:13:35,106 INFO     ___FILE_ONLY___       ▪
2024-08-27 14:13:35,106 INFO     ___FILE_ONLY___  
2024-08-27 14:13:35,106 INFO     ___FILE_ONLY___ Added
2024-08-27 14:13:35,106 INFO     ___FILE_ONLY___  
2024-08-27 14:13:35,106 INFO     ___FILE_ONLY___ [1mgcloud
2024-08-27 14:13:35,106 INFO     ___FILE_ONLY___  
2024-08-27 14:13:35,106 INFO     ___FILE_ONLY___ beta
2024-08-27 14:13:35,106 INFO     ___FILE_ONLY___  
2024-08-27 14:13:35,106 INFO     ___FILE_ONLY___ colab-enterprise
2024-08-27 14:13:35,106 INFO     ___FILE_ONLY___  
2024-08-27 14:13:35,106 INFO     ___FILE_ONLY___ runtime-templates
2024-08-27 14:13:35,106 INFO     ___FILE_ONLY___  
2024-08-27 14:13:35,106 INFO     ___FILE_ONLY___ describe[m.
2024-08-27 14:13:35,106 INFO     ___FILE_ONLY___ 

2024-08-27 14:13:35,106 INFO     ___FILE_ONLY___       ▪
2024-08-27 14:13:35,106 INFO     ___FILE_ONLY___  
2024-08-27 14:13:35,106 INFO     ___FILE_ONLY___ Added
2024-08-27 14:13:35,106 INFO     ___FILE_ONLY___  
2024-08-27 14:13:35,106 INFO     ___FILE_ONLY___ [1mgcloud
2024-08-27 14:13:35,106 INFO     ___FILE_ONLY___  
2024-08-27 14:13:35,106 INFO     ___FILE_ONLY___ beta
2024-08-27 14:13:35,106 INFO     ___FILE_ONLY___  
2024-08-27 14:13:35,106 INFO     ___FILE_ONLY___ colab-enterprise
2024-08-27 14:13:35,107 INFO     ___FILE_ONLY___  
2024-08-27 14:13:35,107 INFO     ___FILE_ONLY___ runtime-templates
2024-08-27 14:13:35,107 INFO     ___FILE_ONLY___  
2024-08-27 14:13:35,107 INFO     ___FILE_ONLY___ list[m.
2024-08-27 14:13:35,107 INFO     ___FILE_ONLY___ 

2024-08-27 14:13:35,107 INFO     ___FILE_ONLY___ 

2024-08-27 14:13:35,107 INFO     ___FILE_ONLY___ [m
2024-08-27 14:13:35,107 INFO     ___FILE_ONLY___   
2024-08-27 14:13:35,107 INFO     ___FILE_ONLY___ [1mCompute Engine[m

2024-08-27 14:13:35,107 INFO     ___FILE_ONLY___       ▪
2024-08-27 14:13:35,107 INFO     ___FILE_ONLY___  
2024-08-27 14:13:35,107 INFO     ___FILE_ONLY___ Promoted
2024-08-27 14:13:35,107 INFO     ___FILE_ONLY___  
2024-08-27 14:13:35,107 INFO     ___FILE_ONLY___ flags
2024-08-27 14:13:35,107 INFO     ___FILE_ONLY___  
2024-08-27 14:13:35,107 INFO     ___FILE_ONLY___ related
2024-08-27 14:13:35,107 INFO     ___FILE_ONLY___  
2024-08-27 14:13:35,107 INFO     ___FILE_ONLY___ to
2024-08-27 14:13:35,107 INFO     ___FILE_ONLY___  
2024-08-27 14:13:35,107 INFO     ___FILE_ONLY___ the
2024-08-27 14:13:35,107 INFO     ___FILE_ONLY___  
2024-08-27 14:13:35,107 INFO     ___FILE_ONLY___ nat64
2024-08-27 14:13:35,107 INFO     ___FILE_ONLY___  
2024-08-27 14:13:35,107 INFO     ___FILE_ONLY___ feature
2024-08-27 14:13:35,107 INFO     ___FILE_ONLY___  
2024-08-27 14:13:35,107 INFO     ___FILE_ONLY___ to
2024-08-27 14:13:35,107 INFO     ___FILE_ONLY___  
2024-08-27 14:13:35,107 INFO     ___FILE_ONLY___ alpha:
2024-08-27 14:13:35,107 INFO     ___FILE_ONLY___ 

2024-08-27 14:13:35,107 INFO     ___FILE_ONLY___         ◆
2024-08-27 14:13:35,107 INFO     ___FILE_ONLY___  
2024-08-27 14:13:35,107 INFO     ___FILE_ONLY___ [1mnat64-all-v6-subnet-ip-ranges[m
2024-08-27 14:13:35,107 INFO     ___FILE_ONLY___  
2024-08-27 14:13:35,107 INFO     ___FILE_ONLY___ of
2024-08-27 14:13:35,107 INFO     ___FILE_ONLY___  
2024-08-27 14:13:35,107 INFO     ___FILE_ONLY___ [1mgcloud
2024-08-27 14:13:35,107 INFO     ___FILE_ONLY___  
2024-08-27 14:13:35,108 INFO     ___FILE_ONLY___ compute
2024-08-27 14:13:35,108 INFO     ___FILE_ONLY___  
2024-08-27 14:13:35,108 INFO     ___FILE_ONLY___ routers
2024-08-27 14:13:35,108 INFO     ___FILE_ONLY___  
2024-08-27 14:13:35,108 INFO     ___FILE_ONLY___ nats
2024-08-27 14:13:35,108 INFO     ___FILE_ONLY___ 

2024-08-27 14:13:35,108 INFO     ___FILE_ONLY___           
2024-08-27 14:13:35,108 INFO     ___FILE_ONLY___ (create|update)[m.
2024-08-27 14:13:35,108 INFO     ___FILE_ONLY___ 

2024-08-27 14:13:35,108 INFO     ___FILE_ONLY___         ◆
2024-08-27 14:13:35,108 INFO     ___FILE_ONLY___  
2024-08-27 14:13:35,108 INFO     ___FILE_ONLY___ [1mnat64-custom-v6-subnet-ip-ranges[m
2024-08-27 14:13:35,108 INFO     ___FILE_ONLY___  
2024-08-27 14:13:35,108 INFO     ___FILE_ONLY___ of
2024-08-27 14:13:35,108 INFO     ___FILE_ONLY___  
2024-08-27 14:13:35,108 INFO     ___FILE_ONLY___ [1mgcloud
2024-08-27 14:13:35,108 INFO     ___FILE_ONLY___  
2024-08-27 14:13:35,108 INFO     ___FILE_ONLY___ compute
2024-08-27 14:13:35,108 INFO     ___FILE_ONLY___  
2024-08-27 14:13:35,108 INFO     ___FILE_ONLY___ routers
2024-08-27 14:13:35,108 INFO     ___FILE_ONLY___  
2024-08-27 14:13:35,108 INFO     ___FILE_ONLY___ nats
2024-08-27 14:13:35,108 INFO     ___FILE_ONLY___ 

2024-08-27 14:13:35,108 INFO     ___FILE_ONLY___           
2024-08-27 14:13:35,108 INFO     ___FILE_ONLY___ (create|update)[m.
2024-08-27 14:13:35,108 INFO     ___FILE_ONLY___ 

2024-08-27 14:13:35,108 INFO     ___FILE_ONLY___         ◆
2024-08-27 14:13:35,108 INFO     ___FILE_ONLY___  
2024-08-27 14:13:35,108 INFO     ___FILE_ONLY___ [1mclear-nat64-v6-subnet-ip-ranges[m
2024-08-27 14:13:35,108 INFO     ___FILE_ONLY___  
2024-08-27 14:13:35,108 INFO     ___FILE_ONLY___ of
2024-08-27 14:13:35,108 INFO     ___FILE_ONLY___  
2024-08-27 14:13:35,108 INFO     ___FILE_ONLY___ [1mgcloud
2024-08-27 14:13:35,108 INFO     ___FILE_ONLY___  
2024-08-27 14:13:35,108 INFO     ___FILE_ONLY___ compute
2024-08-27 14:13:35,108 INFO     ___FILE_ONLY___  
2024-08-27 14:13:35,108 INFO     ___FILE_ONLY___ routers
2024-08-27 14:13:35,108 INFO     ___FILE_ONLY___  
2024-08-27 14:13:35,108 INFO     ___FILE_ONLY___ nats
2024-08-27 14:13:35,109 INFO     ___FILE_ONLY___ 

2024-08-27 14:13:35,109 INFO     ___FILE_ONLY___           
2024-08-27 14:13:35,109 INFO     ___FILE_ONLY___ update[m.
2024-08-27 14:13:35,109 INFO     ___FILE_ONLY___ 

2024-08-27 14:13:35,109 INFO     ___FILE_ONLY___         ◆
2024-08-27 14:13:35,109 INFO     ___FILE_ONLY___  
2024-08-27 14:13:35,109 INFO     ___FILE_ONLY___ [1mclear-nat-subnet-ip-ranges[m
2024-08-27 14:13:35,109 INFO     ___FILE_ONLY___  
2024-08-27 14:13:35,109 INFO     ___FILE_ONLY___ of
2024-08-27 14:13:35,109 INFO     ___FILE_ONLY___  
2024-08-27 14:13:35,109 INFO     ___FILE_ONLY___ [1mgcloud
2024-08-27 14:13:35,109 INFO     ___FILE_ONLY___  
2024-08-27 14:13:35,109 INFO     ___FILE_ONLY___ compute
2024-08-27 14:13:35,109 INFO     ___FILE_ONLY___  
2024-08-27 14:13:35,109 INFO     ___FILE_ONLY___ routers
2024-08-27 14:13:35,109 INFO     ___FILE_ONLY___  
2024-08-27 14:13:35,109 INFO     ___FILE_ONLY___ nats
2024-08-27 14:13:35,109 INFO     ___FILE_ONLY___  
2024-08-27 14:13:35,109 INFO     ___FILE_ONLY___ update[m.
2024-08-27 14:13:35,109 INFO     ___FILE_ONLY___ 

2024-08-27 14:13:35,109 INFO     ___FILE_ONLY___       ▪
2024-08-27 14:13:35,109 INFO     ___FILE_ONLY___  
2024-08-27 14:13:35,109 INFO     ___FILE_ONLY___ Added
2024-08-27 14:13:35,109 INFO     ___FILE_ONLY___  
2024-08-27 14:13:35,109 INFO     ___FILE_ONLY___ update
2024-08-27 14:13:35,109 INFO     ___FILE_ONLY___  
2024-08-27 14:13:35,109 INFO     ___FILE_ONLY___ command
2024-08-27 14:13:35,109 INFO     ___FILE_ONLY___  
2024-08-27 14:13:35,109 INFO     ___FILE_ONLY___ for
2024-08-27 14:13:35,109 INFO     ___FILE_ONLY___  
2024-08-27 14:13:35,109 INFO     ___FILE_ONLY___ instance-schedule
2024-08-27 14:13:35,109 INFO     ___FILE_ONLY___  
2024-08-27 14:13:35,110 INFO     ___FILE_ONLY___ policy:
2024-08-27 14:13:35,110 INFO     ___FILE_ONLY___  
2024-08-27 14:13:35,110 INFO     ___FILE_ONLY___ [1mgcloud
2024-08-27 14:13:35,110 INFO     ___FILE_ONLY___  
2024-08-27 14:13:35,110 INFO     ___FILE_ONLY___ compute
2024-08-27 14:13:35,110 INFO     ___FILE_ONLY___ 

2024-08-27 14:13:35,110 INFO     ___FILE_ONLY___         
2024-08-27 14:13:35,110 INFO     ___FILE_ONLY___ resource-policies
2024-08-27 14:13:35,110 INFO     ___FILE_ONLY___  
2024-08-27 14:13:35,110 INFO     ___FILE_ONLY___ update
2024-08-27 14:13:35,110 INFO     ___FILE_ONLY___  
2024-08-27 14:13:35,110 INFO     ___FILE_ONLY___ instance-schedule[m.
2024-08-27 14:13:35,110 INFO     ___FILE_ONLY___ 

2024-08-27 14:13:35,110 INFO     ___FILE_ONLY___       ▪
2024-08-27 14:13:35,110 INFO     ___FILE_ONLY___  
2024-08-27 14:13:35,110 INFO     ___FILE_ONLY___ Added
2024-08-27 14:13:35,110 INFO     ___FILE_ONLY___  
2024-08-27 14:13:35,110 INFO     ___FILE_ONLY___ [1m--reservation-sharing-policy[m
2024-08-27 14:13:35,110 INFO     ___FILE_ONLY___  
2024-08-27 14:13:35,110 INFO     ___FILE_ONLY___ flag
2024-08-27 14:13:35,110 INFO     ___FILE_ONLY___  
2024-08-27 14:13:35,110 INFO     ___FILE_ONLY___ to
2024-08-27 14:13:35,110 INFO     ___FILE_ONLY___  
2024-08-27 14:13:35,110 INFO     ___FILE_ONLY___ [1mgcloud
2024-08-27 14:13:35,110 INFO     ___FILE_ONLY___  
2024-08-27 14:13:35,110 INFO     ___FILE_ONLY___ beta
2024-08-27 14:13:35,110 INFO     ___FILE_ONLY___  
2024-08-27 14:13:35,110 INFO     ___FILE_ONLY___ compute
2024-08-27 14:13:35,110 INFO     ___FILE_ONLY___ 

2024-08-27 14:13:35,110 INFO     ___FILE_ONLY___         
2024-08-27 14:13:35,110 INFO     ___FILE_ONLY___ reservations
2024-08-27 14:13:35,110 INFO     ___FILE_ONLY___  
2024-08-27 14:13:35,110 INFO     ___FILE_ONLY___ create[m
2024-08-27 14:13:35,110 INFO     ___FILE_ONLY___  
2024-08-27 14:13:35,110 INFO     ___FILE_ONLY___ and
2024-08-27 14:13:35,110 INFO     ___FILE_ONLY___  
2024-08-27 14:13:35,110 INFO     ___FILE_ONLY___ [1mgcloud
2024-08-27 14:13:35,110 INFO     ___FILE_ONLY___  
2024-08-27 14:13:35,111 INFO     ___FILE_ONLY___ beta
2024-08-27 14:13:35,111 INFO     ___FILE_ONLY___  
2024-08-27 14:13:35,111 INFO     ___FILE_ONLY___ compute
2024-08-27 14:13:35,111 INFO     ___FILE_ONLY___  
2024-08-27 14:13:35,111 INFO     ___FILE_ONLY___ reservations
2024-08-27 14:13:35,111 INFO     ___FILE_ONLY___  
2024-08-27 14:13:35,111 INFO     ___FILE_ONLY___ update[m.
2024-08-27 14:13:35,111 INFO     ___FILE_ONLY___ 

2024-08-27 14:13:35,111 INFO     ___FILE_ONLY___ 

2024-08-27 14:13:35,111 INFO     ___FILE_ONLY___ [m
2024-08-27 14:13:35,111 INFO     ___FILE_ONLY___   
2024-08-27 14:13:35,111 INFO     ___FILE_ONLY___ [1mKubernetes Engine[m

2024-08-27 14:13:35,111 INFO     ___FILE_ONLY___       ▪
2024-08-27 14:13:35,111 INFO     ___FILE_ONLY___  
2024-08-27 14:13:35,111 INFO     ___FILE_ONLY___ Added
2024-08-27 14:13:35,111 INFO     ___FILE_ONLY___  
2024-08-27 14:13:35,111 INFO     ___FILE_ONLY___ [1m--storage-pools[m
2024-08-27 14:13:35,111 INFO     ___FILE_ONLY___  
2024-08-27 14:13:35,111 INFO     ___FILE_ONLY___ flag
2024-08-27 14:13:35,111 INFO     ___FILE_ONLY___  
2024-08-27 14:13:35,111 INFO     ___FILE_ONLY___ on
2024-08-27 14:13:35,111 INFO     ___FILE_ONLY___  
2024-08-27 14:13:35,111 INFO     ___FILE_ONLY___ node-pool
2024-08-27 14:13:35,111 INFO     ___FILE_ONLY___  
2024-08-27 14:13:35,111 INFO     ___FILE_ONLY___ update.
2024-08-27 14:13:35,111 INFO     ___FILE_ONLY___ 

2024-08-27 14:13:35,111 INFO     ___FILE_ONLY___       ▪
2024-08-27 14:13:35,111 INFO     ___FILE_ONLY___  
2024-08-27 14:13:35,111 INFO     ___FILE_ONLY___ Promoted
2024-08-27 14:13:35,111 INFO     ___FILE_ONLY___  
2024-08-27 14:13:35,111 INFO     ___FILE_ONLY___ [1m--storage-pools[m
2024-08-27 14:13:35,111 INFO     ___FILE_ONLY___  
2024-08-27 14:13:35,111 INFO     ___FILE_ONLY___ flag
2024-08-27 14:13:35,111 INFO     ___FILE_ONLY___  
2024-08-27 14:13:35,111 INFO     ___FILE_ONLY___ on
2024-08-27 14:13:35,111 INFO     ___FILE_ONLY___  
2024-08-27 14:13:35,111 INFO     ___FILE_ONLY___ cluster
2024-08-27 14:13:35,111 INFO     ___FILE_ONLY___  
2024-08-27 14:13:35,111 INFO     ___FILE_ONLY___ /
2024-08-27 14:13:35,112 INFO     ___FILE_ONLY___  
2024-08-27 14:13:35,112 INFO     ___FILE_ONLY___ node-pool
2024-08-27 14:13:35,112 INFO     ___FILE_ONLY___  
2024-08-27 14:13:35,112 INFO     ___FILE_ONLY___ create
2024-08-27 14:13:35,112 INFO     ___FILE_ONLY___  
2024-08-27 14:13:35,112 INFO     ___FILE_ONLY___ to
2024-08-27 14:13:35,112 INFO     ___FILE_ONLY___  
2024-08-27 14:13:35,112 INFO     ___FILE_ONLY___ GA.
2024-08-27 14:13:35,112 INFO     ___FILE_ONLY___ 

2024-08-27 14:13:35,112 INFO     ___FILE_ONLY___ 

2024-08-27 14:13:35,112 INFO     ___FILE_ONLY___ [m
2024-08-27 14:13:35,112 INFO     ___FILE_ONLY___   
2024-08-27 14:13:35,112 INFO     ___FILE_ONLY___ [1mLooker[m

2024-08-27 14:13:35,112 INFO     ___FILE_ONLY___       ▪
2024-08-27 14:13:35,112 INFO     ___FILE_ONLY___  
2024-08-27 14:13:35,112 INFO     ___FILE_ONLY___ Launched
2024-08-27 14:13:35,112 INFO     ___FILE_ONLY___  
2024-08-27 14:13:35,112 INFO     ___FILE_ONLY___ Private
2024-08-27 14:13:35,112 INFO     ___FILE_ONLY___  
2024-08-27 14:13:35,112 INFO     ___FILE_ONLY___ Services
2024-08-27 14:13:35,112 INFO     ___FILE_ONLY___  
2024-08-27 14:13:35,112 INFO     ___FILE_ONLY___ Connect
2024-08-27 14:13:35,112 INFO     ___FILE_ONLY___  
2024-08-27 14:13:35,112 INFO     ___FILE_ONLY___ for
2024-08-27 14:13:35,112 INFO     ___FILE_ONLY___  
2024-08-27 14:13:35,112 INFO     ___FILE_ONLY___ Looker
2024-08-27 14:13:35,112 INFO     ___FILE_ONLY___  
2024-08-27 14:13:35,112 INFO     ___FILE_ONLY___ (Google
2024-08-27 14:13:35,112 INFO     ___FILE_ONLY___  
2024-08-27 14:13:35,112 INFO     ___FILE_ONLY___ Cloud
2024-08-27 14:13:35,112 INFO     ___FILE_ONLY___  
2024-08-27 14:13:35,112 INFO     ___FILE_ONLY___ core)
2024-08-27 14:13:35,112 INFO     ___FILE_ONLY___  
2024-08-27 14:13:35,112 INFO     ___FILE_ONLY___ with
2024-08-27 14:13:35,112 INFO     ___FILE_ONLY___ 

2024-08-27 14:13:35,112 INFO     ___FILE_ONLY___         
2024-08-27 14:13:35,112 INFO     ___FILE_ONLY___ General
2024-08-27 14:13:35,112 INFO     ___FILE_ONLY___  
2024-08-27 14:13:35,112 INFO     ___FILE_ONLY___ Availability.
2024-08-27 14:13:35,112 INFO     ___FILE_ONLY___ 

2024-08-27 14:13:35,112 INFO     ___FILE_ONLY___ 

2024-08-27 14:13:35,113 INFO     ___FILE_ONLY___ [m
2024-08-27 14:13:35,113 INFO     ___FILE_ONLY___   
2024-08-27 14:13:35,113 INFO     ___FILE_ONLY___ [1mNetwork Security[m

2024-08-27 14:13:35,113 INFO     ___FILE_ONLY___       ▪
2024-08-27 14:13:35,113 INFO     ___FILE_ONLY___  
2024-08-27 14:13:35,113 INFO     ___FILE_ONLY___ Added
2024-08-27 14:13:35,113 INFO     ___FILE_ONLY___  
2024-08-27 14:13:35,113 INFO     ___FILE_ONLY___ [1mnetwork-security
2024-08-27 14:13:35,113 INFO     ___FILE_ONLY___  
2024-08-27 14:13:35,113 INFO     ___FILE_ONLY___ mirroring-endpoint-group-associations[m
2024-08-27 14:13:35,113 INFO     ___FILE_ONLY___  
2024-08-27 14:13:35,113 INFO     ___FILE_ONLY___ commands
2024-08-27 14:13:35,113 INFO     ___FILE_ONLY___ 

2024-08-27 14:13:35,113 INFO     ___FILE_ONLY___         
2024-08-27 14:13:35,113 INFO     ___FILE_ONLY___ to
2024-08-27 14:13:35,113 INFO     ___FILE_ONLY___  
2024-08-27 14:13:35,113 INFO     ___FILE_ONLY___ manage
2024-08-27 14:13:35,113 INFO     ___FILE_ONLY___  
2024-08-27 14:13:35,113 INFO     ___FILE_ONLY___ packet-mirroring
2024-08-27 14:13:35,113 INFO     ___FILE_ONLY___  
2024-08-27 14:13:35,113 INFO     ___FILE_ONLY___ endpoint
2024-08-27 14:13:35,113 INFO     ___FILE_ONLY___  
2024-08-27 14:13:35,113 INFO     ___FILE_ONLY___ group
2024-08-27 14:13:35,113 INFO     ___FILE_ONLY___  
2024-08-27 14:13:35,113 INFO     ___FILE_ONLY___ associations,
2024-08-27 14:13:35,113 INFO     ___FILE_ONLY___  
2024-08-27 14:13:35,113 INFO     ___FILE_ONLY___ and
2024-08-27 14:13:35,113 INFO     ___FILE_ONLY___  
2024-08-27 14:13:35,113 INFO     ___FILE_ONLY___ promoted
2024-08-27 14:13:35,113 INFO     ___FILE_ONLY___ 

2024-08-27 14:13:35,113 INFO     ___FILE_ONLY___         
2024-08-27 14:13:35,113 INFO     ___FILE_ONLY___ them
2024-08-27 14:13:35,113 INFO     ___FILE_ONLY___  
2024-08-27 14:13:35,113 INFO     ___FILE_ONLY___ to
2024-08-27 14:13:35,113 INFO     ___FILE_ONLY___  
2024-08-27 14:13:35,113 INFO     ___FILE_ONLY___ beta.
2024-08-27 14:13:35,113 INFO     ___FILE_ONLY___ 

2024-08-27 14:13:35,114 INFO     ___FILE_ONLY___ 

2024-08-27 14:13:35,114 INFO     ___FILE_ONLY___ [m
2024-08-27 14:13:35,114 INFO     ___FILE_ONLY___   
2024-08-27 14:13:35,114 INFO     ___FILE_ONLY___ [1mWorkbench[m

2024-08-27 14:13:35,114 INFO     ___FILE_ONLY___       ▪
2024-08-27 14:13:35,114 INFO     ___FILE_ONLY___  
2024-08-27 14:13:35,114 INFO     ___FILE_ONLY___ Added
2024-08-27 14:13:35,114 INFO     ___FILE_ONLY___  
2024-08-27 14:13:35,114 INFO     ___FILE_ONLY___ [1m--min-cpu-platform[m
2024-08-27 14:13:35,114 INFO     ___FILE_ONLY___  
2024-08-27 14:13:35,114 INFO     ___FILE_ONLY___ flag
2024-08-27 14:13:35,114 INFO     ___FILE_ONLY___  
2024-08-27 14:13:35,114 INFO     ___FILE_ONLY___ to
2024-08-27 14:13:35,114 INFO     ___FILE_ONLY___  
2024-08-27 14:13:35,114 INFO     ___FILE_ONLY___ [1mgcloud
2024-08-27 14:13:35,114 INFO     ___FILE_ONLY___  
2024-08-27 14:13:35,114 INFO     ___FILE_ONLY___ workbench
2024-08-27 14:13:35,114 INFO     ___FILE_ONLY___  
2024-08-27 14:13:35,114 INFO     ___FILE_ONLY___ instances
2024-08-27 14:13:35,114 INFO     ___FILE_ONLY___  
2024-08-27 14:13:35,114 INFO     ___FILE_ONLY___ create[m.
2024-08-27 14:13:35,114 INFO     ___FILE_ONLY___ 

2024-08-27 14:13:35,114 INFO     ___FILE_ONLY___ 

2024-08-27 14:13:35,114 INFO     ___FILE_ONLY___    
2024-08-27 14:13:35,114 INFO     ___FILE_ONLY___  
2024-08-27 14:13:35,114 INFO     ___FILE_ONLY___ Subscribe
2024-08-27 14:13:35,114 INFO     ___FILE_ONLY___  
2024-08-27 14:13:35,114 INFO     ___FILE_ONLY___ to
2024-08-27 14:13:35,114 INFO     ___FILE_ONLY___  
2024-08-27 14:13:35,114 INFO     ___FILE_ONLY___ these
2024-08-27 14:13:35,114 INFO     ___FILE_ONLY___  
2024-08-27 14:13:35,114 INFO     ___FILE_ONLY___ release
2024-08-27 14:13:35,114 INFO     ___FILE_ONLY___  
2024-08-27 14:13:35,114 INFO     ___FILE_ONLY___ notes
2024-08-27 14:13:35,114 INFO     ___FILE_ONLY___  
2024-08-27 14:13:35,114 INFO     ___FILE_ONLY___ at
2024-08-27 14:13:35,114 INFO     ___FILE_ONLY___ 

2024-08-27 14:13:35,114 INFO     ___FILE_ONLY___     
2024-08-27 14:13:35,114 INFO     ___FILE_ONLY___ https://groups.google.com/forum/#!forum/google-cloud-sdk-announce
2024-08-27 14:13:35,115 INFO     ___FILE_ONLY___ 

2024-08-27 14:13:35,115 INFO     ___FILE_ONLY___     
2024-08-27 14:13:35,115 INFO     ___FILE_ONLY___ (https://groups.google.com/forum/#!forum/google-cloud-sdk-announce).
2024-08-27 14:13:35,115 INFO     ___FILE_ONLY___ 

2024-08-27 14:13:35,115 INFO     ___FILE_ONLY___ [m
2024-08-27 14:13:35,115 INFO     ___FILE_ONLY___ 

2024-08-27 14:13:36,060 INFO     ___FILE_ONLY___ Performing in place update...


2024-08-27 14:13:36,061 INFO     ___FILE_ONLY___ ╔════════════════════════════════════════════════════════════╗

2024-08-27 14:13:36,061 INFO     ___FILE_ONLY___ ╠═ Downloading: BigQuery Command Line Tool                  ═╣

2024-08-27 14:13:36,061 INFO     ___FILE_ONLY___ ╚
2024-08-27 14:13:36,067 DEBUG    urllib3.connectionpool Starting new HTTPS connection (1): dl.google.com:443
2024-08-27 14:13:36,193 DEBUG    urllib3.connectionpool https://dl.google.com:443 "GET /dl/cloudsdk/channels/rapid/components/google-cloud-sdk-bq-20240816183020.tar.gz HTTP/1.1" 200 1818208
2024-08-27 14:13:36,399 INFO     ___FILE_ONLY___ ═
2024-08-27 14:13:36,400 INFO     ___FILE_ONLY___ ═
2024-08-27 14:13:36,400 INFO     ___FILE_ONLY___ ═
2024-08-27 14:13:36,400 INFO     ___FILE_ONLY___ ═
2024-08-27 14:13:36,400 INFO     ___FILE_ONLY___ ═
2024-08-27 14:13:36,401 INFO     ___FILE_ONLY___ ═
2024-08-27 14:13:36,401 INFO     ___FILE_ONLY___ ═
2024-08-27 14:13:36,401 INFO     ___FILE_ONLY___ ═
2024-08-27 14:13:36,401 INFO     ___FILE_ONLY___ ═
2024-08-27 14:13:36,401 INFO     ___FILE_ONLY___ ═
2024-08-27 14:13:36,402 INFO     ___FILE_ONLY___ ═
2024-08-27 14:13:36,402 INFO     ___FILE_ONLY___ ═
2024-08-27 14:13:36,402 INFO     ___FILE_ONLY___ ═
2024-08-27 14:13:36,402 INFO     ___FILE_ONLY___ ═
2024-08-27 14:13:36,402 INFO     ___FILE_ONLY___ ═
2024-08-27 14:13:36,402 INFO     ___FILE_ONLY___ ═
2024-08-27 14:13:36,402 INFO     ___FILE_ONLY___ ═
2024-08-27 14:13:36,403 INFO     ___FILE_ONLY___ ═
2024-08-27 14:13:36,403 INFO     ___FILE_ONLY___ ═
2024-08-27 14:13:36,403 INFO     ___FILE_ONLY___ ═
2024-08-27 14:13:36,403 INFO     ___FILE_ONLY___ ═
2024-08-27 14:13:36,403 INFO     ___FILE_ONLY___ ═
2024-08-27 14:13:36,403 INFO     ___FILE_ONLY___ ═
2024-08-27 14:13:36,404 INFO     ___FILE_ONLY___ ═
2024-08-27 14:13:36,404 INFO     ___FILE_ONLY___ ═
2024-08-27 14:13:36,404 INFO     ___FILE_ONLY___ ═
2024-08-27 14:13:36,404 INFO     ___FILE_ONLY___ ═
2024-08-27 14:13:36,404 INFO     ___FILE_ONLY___ ═
2024-08-27 14:13:36,404 INFO     ___FILE_ONLY___ ═
2024-08-27 14:13:36,404 INFO     ___FILE_ONLY___ ═
2024-08-27 14:13:36,405 INFO     ___FILE_ONLY___ ═
2024-08-27 14:13:36,405 INFO     ___FILE_ONLY___ ═
2024-08-27 14:13:36,405 INFO     ___FILE_ONLY___ ═
2024-08-27 14:13:36,405 INFO     ___FILE_ONLY___ ═
2024-08-27 14:13:36,405 INFO     ___FILE_ONLY___ ═
2024-08-27 14:13:36,405 INFO     ___FILE_ONLY___ ═
2024-08-27 14:13:36,405 INFO     ___FILE_ONLY___ ═
2024-08-27 14:13:36,405 INFO     ___FILE_ONLY___ ═
2024-08-27 14:13:36,406 INFO     ___FILE_ONLY___ ═
2024-08-27 14:13:36,406 INFO     ___FILE_ONLY___ ═
2024-08-27 14:13:36,406 INFO     ___FILE_ONLY___ ═
2024-08-27 14:13:36,406 INFO     ___FILE_ONLY___ ═
2024-08-27 14:13:36,406 INFO     ___FILE_ONLY___ ═
2024-08-27 14:13:36,406 INFO     ___FILE_ONLY___ ═
2024-08-27 14:13:36,407 INFO     ___FILE_ONLY___ ═
2024-08-27 14:13:36,407 INFO     ___FILE_ONLY___ ═
2024-08-27 14:13:36,407 INFO     ___FILE_ONLY___ ═
2024-08-27 14:13:36,407 INFO     ___FILE_ONLY___ ═
2024-08-27 14:13:36,407 INFO     ___FILE_ONLY___ ═
2024-08-27 14:13:36,407 INFO     ___FILE_ONLY___ ═
2024-08-27 14:13:36,407 INFO     ___FILE_ONLY___ ═
2024-08-27 14:13:36,407 INFO     ___FILE_ONLY___ ═
2024-08-27 14:13:36,407 INFO     ___FILE_ONLY___ ═
2024-08-27 14:13:36,408 INFO     ___FILE_ONLY___ ═
2024-08-27 14:13:36,408 INFO     ___FILE_ONLY___ ═
2024-08-27 14:13:36,408 INFO     ___FILE_ONLY___ ═
2024-08-27 14:13:36,408 INFO     ___FILE_ONLY___ ═
2024-08-27 14:13:36,408 INFO     ___FILE_ONLY___ ═
2024-08-27 14:13:36,408 INFO     ___FILE_ONLY___ ═
2024-08-27 14:13:36,408 INFO     ___FILE_ONLY___ ═
2024-08-27 14:13:36,408 INFO     ___FILE_ONLY___ ╝
2024-08-27 14:13:36,410 INFO     ___FILE_ONLY___ ╠════════════════════════════════════════════════════════════╣

2024-08-27 14:13:36,410 INFO     ___FILE_ONLY___ ╠═ Downloading: Google Cloud CLI Core Libraries             ═╣

2024-08-27 14:13:36,410 INFO     ___FILE_ONLY___ ╚
2024-08-27 14:13:36,414 DEBUG    urllib3.connectionpool Starting new HTTPS connection (1): dl.google.com:443
2024-08-27 14:13:36,586 DEBUG    urllib3.connectionpool https://dl.google.com:443 "GET /dl/cloudsdk/channels/rapid/components/google-cloud-sdk-core-20240816183020.tar.gz HTTP/1.1" 200 20336043
2024-08-27 14:13:37,366 INFO     ___FILE_ONLY___ ═
2024-08-27 14:13:37,367 INFO     ___FILE_ONLY___ ═
2024-08-27 14:13:37,367 INFO     ___FILE_ONLY___ ═
2024-08-27 14:13:37,368 INFO     ___FILE_ONLY___ ═
2024-08-27 14:13:37,368 INFO     ___FILE_ONLY___ ═
2024-08-27 14:13:37,368 INFO     ___FILE_ONLY___ ═
2024-08-27 14:13:37,369 INFO     ___FILE_ONLY___ ═
2024-08-27 14:13:37,369 INFO     ___FILE_ONLY___ ═
2024-08-27 14:13:37,370 INFO     ___FILE_ONLY___ ═
2024-08-27 14:13:37,370 INFO     ___FILE_ONLY___ ═
2024-08-27 14:13:37,370 INFO     ___FILE_ONLY___ ═
2024-08-27 14:13:37,371 INFO     ___FILE_ONLY___ ═
2024-08-27 14:13:37,371 INFO     ___FILE_ONLY___ ═
2024-08-27 14:13:37,371 INFO     ___FILE_ONLY___ ═
2024-08-27 14:13:37,372 INFO     ___FILE_ONLY___ ═
2024-08-27 14:13:37,372 INFO     ___FILE_ONLY___ ═
2024-08-27 14:13:37,372 INFO     ___FILE_ONLY___ ═
2024-08-27 14:13:37,373 INFO     ___FILE_ONLY___ ═
2024-08-27 14:13:37,373 INFO     ___FILE_ONLY___ ═
2024-08-27 14:13:37,374 INFO     ___FILE_ONLY___ ═
2024-08-27 14:13:37,374 INFO     ___FILE_ONLY___ ═
2024-08-27 14:13:37,374 INFO     ___FILE_ONLY___ ═
2024-08-27 14:13:37,375 INFO     ___FILE_ONLY___ ═
2024-08-27 14:13:37,375 INFO     ___FILE_ONLY___ ═
2024-08-27 14:13:37,379 INFO     ___FILE_ONLY___ ═
2024-08-27 14:13:37,379 INFO     ___FILE_ONLY___ ═
2024-08-27 14:13:37,380 INFO     ___FILE_ONLY___ ═
2024-08-27 14:13:37,380 INFO     ___FILE_ONLY___ ═
2024-08-27 14:13:37,381 INFO     ___FILE_ONLY___ ═
2024-08-27 14:13:37,381 INFO     ___FILE_ONLY___ ═
2024-08-27 14:13:37,381 INFO     ___FILE_ONLY___ ═
2024-08-27 14:13:37,382 INFO     ___FILE_ONLY___ ═
2024-08-27 14:13:37,382 INFO     ___FILE_ONLY___ ═
2024-08-27 14:13:37,382 INFO     ___FILE_ONLY___ ═
2024-08-27 14:13:37,383 INFO     ___FILE_ONLY___ ═
2024-08-27 14:13:37,383 INFO     ___FILE_ONLY___ ═
2024-08-27 14:13:37,383 INFO     ___FILE_ONLY___ ═
2024-08-27 14:13:37,384 INFO     ___FILE_ONLY___ ═
2024-08-27 14:13:37,384 INFO     ___FILE_ONLY___ ═
2024-08-27 14:13:37,384 INFO     ___FILE_ONLY___ ═
2024-08-27 14:13:37,385 INFO     ___FILE_ONLY___ ═
2024-08-27 14:13:37,385 INFO     ___FILE_ONLY___ ═
2024-08-27 14:13:37,385 INFO     ___FILE_ONLY___ ═
2024-08-27 14:13:37,386 INFO     ___FILE_ONLY___ ═
2024-08-27 14:13:37,386 INFO     ___FILE_ONLY___ ═
2024-08-27 14:13:37,387 INFO     ___FILE_ONLY___ ═
2024-08-27 14:13:37,387 INFO     ___FILE_ONLY___ ═
2024-08-27 14:13:37,387 INFO     ___FILE_ONLY___ ═
2024-08-27 14:13:37,388 INFO     ___FILE_ONLY___ ═
2024-08-27 14:13:37,391 INFO     ___FILE_ONLY___ ═
2024-08-27 14:13:37,391 INFO     ___FILE_ONLY___ ═
2024-08-27 14:13:37,392 INFO     ___FILE_ONLY___ ═
2024-08-27 14:13:37,392 INFO     ___FILE_ONLY___ ═
2024-08-27 14:13:37,392 INFO     ___FILE_ONLY___ ═
2024-08-27 14:13:37,393 INFO     ___FILE_ONLY___ ═
2024-08-27 14:13:37,393 INFO     ___FILE_ONLY___ ═
2024-08-27 14:13:37,393 INFO     ___FILE_ONLY___ ═
2024-08-27 14:13:37,393 INFO     ___FILE_ONLY___ ═
2024-08-27 14:13:37,394 INFO     ___FILE_ONLY___ ═
2024-08-27 14:13:37,394 INFO     ___FILE_ONLY___ ═
2024-08-27 14:13:37,394 INFO     ___FILE_ONLY___ ╝
2024-08-27 14:13:37,395 INFO     ___FILE_ONLY___ ╠════════════════════════════════════════════════════════════╣

2024-08-27 14:13:37,395 INFO     ___FILE_ONLY___ ╠═ Uninstalling: BigQuery Command Line Tool                 ═╣

2024-08-27 14:13:37,395 INFO     ___FILE_ONLY___ ╚
2024-08-27 14:13:37,400 INFO     ___FILE_ONLY___ ═
2024-08-27 14:13:37,401 INFO     ___FILE_ONLY___ ═
2024-08-27 14:13:37,403 INFO     ___FILE_ONLY___ ═
2024-08-27 14:13:37,407 INFO     ___FILE_ONLY___ ═
2024-08-27 14:13:37,407 INFO     ___FILE_ONLY___ ═
2024-08-27 14:13:37,408 INFO     ___FILE_ONLY___ ═
2024-08-27 14:13:37,410 INFO     ___FILE_ONLY___ ═
2024-08-27 14:13:37,412 INFO     ___FILE_ONLY___ ═
2024-08-27 14:13:37,413 INFO     ___FILE_ONLY___ ═
2024-08-27 14:13:37,414 INFO     ___FILE_ONLY___ ═
2024-08-27 14:13:37,416 INFO     ___FILE_ONLY___ ═
2024-08-27 14:13:37,417 INFO     ___FILE_ONLY___ ═
2024-08-27 14:13:37,418 INFO     ___FILE_ONLY___ ═
2024-08-27 14:13:37,419 INFO     ___FILE_ONLY___ ═
2024-08-27 14:13:37,422 INFO     ___FILE_ONLY___ ═
2024-08-27 14:13:37,422 INFO     ___FILE_ONLY___ ═
2024-08-27 14:13:37,423 INFO     ___FILE_ONLY___ ═
2024-08-27 14:13:37,424 INFO     ___FILE_ONLY___ ═
2024-08-27 14:13:37,425 INFO     ___FILE_ONLY___ ═
2024-08-27 14:13:37,425 INFO     ___FILE_ONLY___ ═
2024-08-27 14:13:37,426 INFO     ___FILE_ONLY___ ═
2024-08-27 14:13:37,427 INFO     ___FILE_ONLY___ ═
2024-08-27 14:13:37,427 INFO     ___FILE_ONLY___ ═
2024-08-27 14:13:37,428 INFO     ___FILE_ONLY___ ═
2024-08-27 14:13:37,429 INFO     ___FILE_ONLY___ ═
2024-08-27 14:13:37,430 INFO     ___FILE_ONLY___ ═
2024-08-27 14:13:37,432 INFO     ___FILE_ONLY___ ═
2024-08-27 14:13:37,433 INFO     ___FILE_ONLY___ ═
2024-08-27 14:13:37,434 INFO     ___FILE_ONLY___ ═
2024-08-27 14:13:37,435 INFO     ___FILE_ONLY___ ═
2024-08-27 14:13:37,436 INFO     ___FILE_ONLY___ ═
2024-08-27 14:13:37,436 INFO     ___FILE_ONLY___ ═
2024-08-27 14:13:37,437 INFO     ___FILE_ONLY___ ═
2024-08-27 14:13:37,438 INFO     ___FILE_ONLY___ ═
2024-08-27 14:13:37,438 INFO     ___FILE_ONLY___ ═
2024-08-27 14:13:37,439 INFO     ___FILE_ONLY___ ═
2024-08-27 14:13:37,439 INFO     ___FILE_ONLY___ ═
2024-08-27 14:13:37,440 INFO     ___FILE_ONLY___ ═
2024-08-27 14:13:37,441 INFO     ___FILE_ONLY___ ═
2024-08-27 14:13:37,441 INFO     ___FILE_ONLY___ ═
2024-08-27 14:13:37,442 INFO     ___FILE_ONLY___ ═
2024-08-27 14:13:37,443 INFO     ___FILE_ONLY___ ═
2024-08-27 14:13:37,443 INFO     ___FILE_ONLY___ ═
2024-08-27 14:13:37,444 INFO     ___FILE_ONLY___ ═
2024-08-27 14:13:37,444 INFO     ___FILE_ONLY___ ═
2024-08-27 14:13:37,445 INFO     ___FILE_ONLY___ ═
2024-08-27 14:13:37,445 INFO     ___FILE_ONLY___ ═
2024-08-27 14:13:37,446 INFO     ___FILE_ONLY___ ═
2024-08-27 14:13:37,447 INFO     ___FILE_ONLY___ ═
2024-08-27 14:13:37,447 INFO     ___FILE_ONLY___ ═
2024-08-27 14:13:37,449 INFO     ___FILE_ONLY___ ═
2024-08-27 14:13:37,450 INFO     ___FILE_ONLY___ ═
2024-08-27 14:13:37,451 INFO     ___FILE_ONLY___ ═
2024-08-27 14:13:37,451 INFO     ___FILE_ONLY___ ═
2024-08-27 14:13:37,452 INFO     ___FILE_ONLY___ ═
2024-08-27 14:13:37,452 INFO     ___FILE_ONLY___ ═
2024-08-27 14:13:37,453 INFO     ___FILE_ONLY___ ═
2024-08-27 14:13:37,454 INFO     ___FILE_ONLY___ ═
2024-08-27 14:13:37,454 INFO     ___FILE_ONLY___ ═
2024-08-27 14:13:37,455 INFO     ___FILE_ONLY___ ═
2024-08-27 14:13:37,455 INFO     ___FILE_ONLY___ ╝
2024-08-27 14:13:37,495 INFO     ___FILE_ONLY___ ╠════════════════════════════════════════════════════════════╣

2024-08-27 14:13:37,495 INFO     ___FILE_ONLY___ ╠═ Uninstalling: Google Cloud CLI Core Libraries            ═╣

2024-08-27 14:13:37,495 INFO     ___FILE_ONLY___ ╚
2024-08-27 14:13:37,532 INFO     ___FILE_ONLY___ ═
2024-08-27 14:13:37,552 INFO     ___FILE_ONLY___ ═
2024-08-27 14:13:37,571 INFO     ___FILE_ONLY___ ═
2024-08-27 14:13:37,588 INFO     ___FILE_ONLY___ ═
2024-08-27 14:13:37,603 INFO     ___FILE_ONLY___ ═
2024-08-27 14:13:37,618 INFO     ___FILE_ONLY___ ═
2024-08-27 14:13:37,634 INFO     ___FILE_ONLY___ ═
2024-08-27 14:13:37,650 INFO     ___FILE_ONLY___ ═
2024-08-27 14:13:37,666 INFO     ___FILE_ONLY___ ═
2024-08-27 14:13:37,683 INFO     ___FILE_ONLY___ ═
2024-08-27 14:13:37,699 INFO     ___FILE_ONLY___ ═
2024-08-27 14:13:37,715 INFO     ___FILE_ONLY___ ═
2024-08-27 14:13:37,731 INFO     ___FILE_ONLY___ ═
2024-08-27 14:13:37,746 INFO     ___FILE_ONLY___ ═
2024-08-27 14:13:37,766 INFO     ___FILE_ONLY___ ═
2024-08-27 14:13:37,798 INFO     ___FILE_ONLY___ ═
2024-08-27 14:13:37,838 INFO     ___FILE_ONLY___ ═
2024-08-27 14:13:37,860 INFO     ___FILE_ONLY___ ═
2024-08-27 14:13:37,882 INFO     ___FILE_ONLY___ ═
2024-08-27 14:13:37,905 INFO     ___FILE_ONLY___ ═
2024-08-27 14:13:37,927 INFO     ___FILE_ONLY___ ═
2024-08-27 14:13:37,948 INFO     ___FILE_ONLY___ ═
2024-08-27 14:13:37,965 INFO     ___FILE_ONLY___ ═
2024-08-27 14:13:37,979 INFO     ___FILE_ONLY___ ═
2024-08-27 14:13:37,994 INFO     ___FILE_ONLY___ ═
2024-08-27 14:13:38,009 INFO     ___FILE_ONLY___ ═
2024-08-27 14:13:38,026 INFO     ___FILE_ONLY___ ═
2024-08-27 14:13:38,040 INFO     ___FILE_ONLY___ ═
2024-08-27 14:13:38,055 INFO     ___FILE_ONLY___ ═
2024-08-27 14:13:38,070 INFO     ___FILE_ONLY___ ═
2024-08-27 14:13:38,084 INFO     ___FILE_ONLY___ ═
2024-08-27 14:13:38,098 INFO     ___FILE_ONLY___ ═
2024-08-27 14:13:38,114 INFO     ___FILE_ONLY___ ═
2024-08-27 14:13:38,130 INFO     ___FILE_ONLY___ ═
2024-08-27 14:13:38,163 INFO     ___FILE_ONLY___ ═
2024-08-27 14:13:38,177 INFO     ___FILE_ONLY___ ═
2024-08-27 14:13:38,190 INFO     ___FILE_ONLY___ ═
2024-08-27 14:13:38,205 INFO     ___FILE_ONLY___ ═
2024-08-27 14:13:38,223 INFO     ___FILE_ONLY___ ═
2024-08-27 14:13:38,239 INFO     ___FILE_ONLY___ ═
2024-08-27 14:13:38,258 INFO     ___FILE_ONLY___ ═
2024-08-27 14:13:38,273 INFO     ___FILE_ONLY___ ═
2024-08-27 14:13:38,289 INFO     ___FILE_ONLY___ ═
2024-08-27 14:13:38,305 INFO     ___FILE_ONLY___ ═
2024-08-27 14:13:38,318 INFO     ___FILE_ONLY___ ═
2024-08-27 14:13:38,332 INFO     ___FILE_ONLY___ ═
2024-08-27 14:13:38,345 INFO     ___FILE_ONLY___ ═
2024-08-27 14:13:38,359 INFO     ___FILE_ONLY___ ═
2024-08-27 14:13:38,373 INFO     ___FILE_ONLY___ ═
2024-08-27 14:13:38,387 INFO     ___FILE_ONLY___ ═
2024-08-27 14:13:38,402 INFO     ___FILE_ONLY___ ═
2024-08-27 14:13:38,415 INFO     ___FILE_ONLY___ ═
2024-08-27 14:13:38,428 INFO     ___FILE_ONLY___ ═
2024-08-27 14:13:38,442 INFO     ___FILE_ONLY___ ═
2024-08-27 14:13:38,455 INFO     ___FILE_ONLY___ ═
2024-08-27 14:13:38,467 INFO     ___FILE_ONLY___ ═
2024-08-27 14:13:38,480 INFO     ___FILE_ONLY___ ═
2024-08-27 14:13:38,496 INFO     ___FILE_ONLY___ ═
2024-08-27 14:13:38,513 INFO     ___FILE_ONLY___ ═
2024-08-27 14:13:38,529 INFO     ___FILE_ONLY___ ═
2024-08-27 14:13:38,529 INFO     ___FILE_ONLY___ ╝
2024-08-27 14:13:39,645 INFO     ___FILE_ONLY___ ╠════════════════════════════════════════════════════════════╣

2024-08-27 14:13:39,645 INFO     ___FILE_ONLY___ ╠═ Installing: BigQuery Command Line Tool                   ═╣

2024-08-27 14:13:39,645 INFO     ___FILE_ONLY___ ╚
2024-08-27 14:13:39,677 INFO     ___FILE_ONLY___ ═
2024-08-27 14:13:39,678 INFO     ___FILE_ONLY___ ═
2024-08-27 14:13:39,679 INFO     ___FILE_ONLY___ ═
2024-08-27 14:13:39,681 INFO     ___FILE_ONLY___ ═
2024-08-27 14:13:39,682 INFO     ___FILE_ONLY___ ═
2024-08-27 14:13:39,683 INFO     ___FILE_ONLY___ ═
2024-08-27 14:13:39,684 INFO     ___FILE_ONLY___ ═
2024-08-27 14:13:39,685 INFO     ___FILE_ONLY___ ═
2024-08-27 14:13:39,686 INFO     ___FILE_ONLY___ ═
2024-08-27 14:13:39,687 INFO     ___FILE_ONLY___ ═
2024-08-27 14:13:39,689 INFO     ___FILE_ONLY___ ═
2024-08-27 14:13:39,690 INFO     ___FILE_ONLY___ ═
2024-08-27 14:13:39,691 INFO     ___FILE_ONLY___ ═
2024-08-27 14:13:39,692 INFO     ___FILE_ONLY___ ═
2024-08-27 14:13:39,693 INFO     ___FILE_ONLY___ ═
2024-08-27 14:13:39,695 INFO     ___FILE_ONLY___ ═
2024-08-27 14:13:39,696 INFO     ___FILE_ONLY___ ═
2024-08-27 14:13:39,698 INFO     ___FILE_ONLY___ ═
2024-08-27 14:13:39,699 INFO     ___FILE_ONLY___ ═
2024-08-27 14:13:39,700 INFO     ___FILE_ONLY___ ═
2024-08-27 14:13:39,701 INFO     ___FILE_ONLY___ ═
2024-08-27 14:13:39,702 INFO     ___FILE_ONLY___ ═
2024-08-27 14:13:39,703 INFO     ___FILE_ONLY___ ═
2024-08-27 14:13:39,704 INFO     ___FILE_ONLY___ ═
2024-08-27 14:13:39,705 INFO     ___FILE_ONLY___ ═
2024-08-27 14:13:39,706 INFO     ___FILE_ONLY___ ═
2024-08-27 14:13:39,707 INFO     ___FILE_ONLY___ ═
2024-08-27 14:13:39,709 INFO     ___FILE_ONLY___ ═
2024-08-27 14:13:39,710 INFO     ___FILE_ONLY___ ═
2024-08-27 14:13:39,711 INFO     ___FILE_ONLY___ ═
2024-08-27 14:13:39,712 INFO     ___FILE_ONLY___ ═
2024-08-27 14:13:39,713 INFO     ___FILE_ONLY___ ═
2024-08-27 14:13:39,714 INFO     ___FILE_ONLY___ ═
2024-08-27 14:13:39,716 INFO     ___FILE_ONLY___ ═
2024-08-27 14:13:39,718 INFO     ___FILE_ONLY___ ═
2024-08-27 14:13:39,719 INFO     ___FILE_ONLY___ ═
2024-08-27 14:13:39,720 INFO     ___FILE_ONLY___ ═
2024-08-27 14:13:39,722 INFO     ___FILE_ONLY___ ═
2024-08-27 14:13:39,723 INFO     ___FILE_ONLY___ ═
2024-08-27 14:13:39,724 INFO     ___FILE_ONLY___ ═
2024-08-27 14:13:39,725 INFO     ___FILE_ONLY___ ═
2024-08-27 14:13:39,726 INFO     ___FILE_ONLY___ ═
2024-08-27 14:13:39,727 INFO     ___FILE_ONLY___ ═
2024-08-27 14:13:39,728 INFO     ___FILE_ONLY___ ═
2024-08-27 14:13:39,729 INFO     ___FILE_ONLY___ ═
2024-08-27 14:13:39,731 INFO     ___FILE_ONLY___ ═
2024-08-27 14:13:39,732 INFO     ___FILE_ONLY___ ═
2024-08-27 14:13:39,733 INFO     ___FILE_ONLY___ ═
2024-08-27 14:13:39,734 INFO     ___FILE_ONLY___ ═
2024-08-27 14:13:39,735 INFO     ___FILE_ONLY___ ═
2024-08-27 14:13:39,736 INFO     ___FILE_ONLY___ ═
2024-08-27 14:13:39,737 INFO     ___FILE_ONLY___ ═
2024-08-27 14:13:39,738 INFO     ___FILE_ONLY___ ═
2024-08-27 14:13:39,739 INFO     ___FILE_ONLY___ ═
2024-08-27 14:13:39,740 INFO     ___FILE_ONLY___ ═
2024-08-27 14:13:39,741 INFO     ___FILE_ONLY___ ═
2024-08-27 14:13:39,742 INFO     ___FILE_ONLY___ ═
2024-08-27 14:13:39,743 INFO     ___FILE_ONLY___ ═
2024-08-27 14:13:39,744 INFO     ___FILE_ONLY___ ═
2024-08-27 14:13:39,745 INFO     ___FILE_ONLY___ ═
2024-08-27 14:13:39,745 INFO     ___FILE_ONLY___ ╝
2024-08-27 14:13:39,748 INFO     ___FILE_ONLY___ ╠════════════════════════════════════════════════════════════╣

2024-08-27 14:13:39,748 INFO     ___FILE_ONLY___ ╠═ Installing: Google Cloud CLI Core Libraries              ═╣

2024-08-27 14:13:39,748 INFO     ___FILE_ONLY___ ╚
2024-08-27 14:13:40,424 INFO     ___FILE_ONLY___ ═
2024-08-27 14:13:40,457 INFO     ___FILE_ONLY___ ═
2024-08-27 14:13:40,481 INFO     ___FILE_ONLY___ ═
2024-08-27 14:13:40,505 INFO     ___FILE_ONLY___ ═
2024-08-27 14:13:40,529 INFO     ___FILE_ONLY___ ═
2024-08-27 14:13:40,553 INFO     ___FILE_ONLY___ ═
2024-08-27 14:13:40,576 INFO     ___FILE_ONLY___ ═
2024-08-27 14:13:40,600 INFO     ___FILE_ONLY___ ═
2024-08-27 14:13:40,624 INFO     ___FILE_ONLY___ ═
2024-08-27 14:13:40,645 INFO     ___FILE_ONLY___ ═
2024-08-27 14:13:40,668 INFO     ___FILE_ONLY___ ═
2024-08-27 14:13:40,690 INFO     ___FILE_ONLY___ ═
2024-08-27 14:13:40,713 INFO     ___FILE_ONLY___ ═
2024-08-27 14:13:40,736 INFO     ___FILE_ONLY___ ═
2024-08-27 14:13:40,767 INFO     ___FILE_ONLY___ ═
2024-08-27 14:13:40,801 INFO     ___FILE_ONLY___ ═
2024-08-27 14:13:40,851 INFO     ___FILE_ONLY___ ═
2024-08-27 14:13:40,891 INFO     ___FILE_ONLY___ ═
2024-08-27 14:13:40,925 INFO     ___FILE_ONLY___ ═
2024-08-27 14:13:40,963 INFO     ___FILE_ONLY___ ═
2024-08-27 14:13:40,996 INFO     ___FILE_ONLY___ ═
2024-08-27 14:13:41,033 INFO     ___FILE_ONLY___ ═
2024-08-27 14:13:41,063 INFO     ___FILE_ONLY___ ═
2024-08-27 14:13:41,083 INFO     ___FILE_ONLY___ ═
2024-08-27 14:13:41,103 INFO     ___FILE_ONLY___ ═
2024-08-27 14:13:41,136 INFO     ___FILE_ONLY___ ═
2024-08-27 14:13:41,157 INFO     ___FILE_ONLY___ ═
2024-08-27 14:13:41,178 INFO     ___FILE_ONLY___ ═
2024-08-27 14:13:41,199 INFO     ___FILE_ONLY___ ═
2024-08-27 14:13:41,222 INFO     ___FILE_ONLY___ ═
2024-08-27 14:13:41,245 INFO     ___FILE_ONLY___ ═
2024-08-27 14:13:41,266 INFO     ___FILE_ONLY___ ═
2024-08-27 14:13:41,291 INFO     ___FILE_ONLY___ ═
2024-08-27 14:13:41,314 INFO     ___FILE_ONLY___ ═
2024-08-27 14:13:41,341 INFO     ___FILE_ONLY___ ═
2024-08-27 14:13:41,363 INFO     ___FILE_ONLY___ ═
2024-08-27 14:13:41,387 INFO     ___FILE_ONLY___ ═
2024-08-27 14:13:41,408 INFO     ___FILE_ONLY___ ═
2024-08-27 14:13:41,432 INFO     ___FILE_ONLY___ ═
2024-08-27 14:13:41,470 INFO     ___FILE_ONLY___ ═
2024-08-27 14:13:41,511 INFO     ___FILE_ONLY___ ═
2024-08-27 14:13:41,533 INFO     ___FILE_ONLY___ ═
2024-08-27 14:13:41,555 INFO     ___FILE_ONLY___ ═
2024-08-27 14:13:41,577 INFO     ___FILE_ONLY___ ═
2024-08-27 14:13:41,599 INFO     ___FILE_ONLY___ ═
2024-08-27 14:13:41,620 INFO     ___FILE_ONLY___ ═
2024-08-27 14:13:41,643 INFO     ___FILE_ONLY___ ═
2024-08-27 14:13:41,664 INFO     ___FILE_ONLY___ ═
2024-08-27 14:13:41,685 INFO     ___FILE_ONLY___ ═
2024-08-27 14:13:41,707 INFO     ___FILE_ONLY___ ═
2024-08-27 14:13:41,728 INFO     ___FILE_ONLY___ ═
2024-08-27 14:13:41,748 INFO     ___FILE_ONLY___ ═
2024-08-27 14:13:41,770 INFO     ___FILE_ONLY___ ═
2024-08-27 14:13:41,790 INFO     ___FILE_ONLY___ ═
2024-08-27 14:13:41,811 INFO     ___FILE_ONLY___ ═
2024-08-27 14:13:41,853 INFO     ___FILE_ONLY___ ═
2024-08-27 14:13:41,876 INFO     ___FILE_ONLY___ ═
2024-08-27 14:13:41,900 INFO     ___FILE_ONLY___ ═
2024-08-27 14:13:41,921 INFO     ___FILE_ONLY___ ═
2024-08-27 14:13:41,950 INFO     ___FILE_ONLY___ ═
2024-08-27 14:13:41,950 INFO     ___FILE_ONLY___ ╝

2024-08-27 14:13:41,988 DEBUG    root            Updating notification cache...
2024-08-27 14:13:41,988 INFO     ___FILE_ONLY___ 

2024-08-27 14:13:41,989 INFO     ___FILE_ONLY___ Performing post processing steps...
2024-08-27 14:13:41,989 DEBUG    root            Executing command: ['/opt/homebrew/share/google-cloud-sdk/bin/gcloud', 'components', 'post-process']
2024-08-27 14:13:48,204 DEBUG    ___FILE_ONLY___ 
2024-08-27 14:13:48,204 DEBUG    ___FILE_ONLY___ lib/third_party/antlr3/recognizers.py:516: SyntaxWarning: invalid escape sequence '\<'
  """
lib/third_party/google/cloud/appengine_v1/proto/app_yaml_pb2.py:914: SyntaxWarning: invalid escape sequence '\ '
  '__doc__': """\ `Google Cloud Endpoints
lib/third_party/google/cloud/appengine_v1/proto/app_yaml_pb2.py:958: SyntaxWarning: invalid escape sequence '\ '
  '__doc__': """URL pattern and description of how the URL should be handled. App
lib/third_party/google/cloud/appengine_v1/proto/version_pb2.py:1476: SyntaxWarning: invalid escape sequence '\ '
  '__doc__': """\ `Cloud Endpoints <https://cloud.google.com/endpoints>`__
lib/third_party/google/cloud/appengine_v1alpha/proto/app_yaml_pb2.py:958: SyntaxWarning: invalid escape sequence '\ '
  '__doc__': """URL pattern and description of how the URL should be handled. App
lib/third_party/google/cloud/appengine_v1beta/proto/app_yaml_pb2.py:958: SyntaxWarning: invalid escape sequence '\ '
  '__doc__': """URL pattern and description of how the URL should be handled. App
lib/third_party/google/cloud/appengine_v1alpha/proto/version_pb2.py:1659: SyntaxWarning: invalid escape sequence '\ '
  '__doc__': """\ `Cloud Endpoints <https://cloud.google.com/endpoints>`__
lib/third_party/google/cloud/appengine_v1beta/proto/version_pb2.py:1556: SyntaxWarning: invalid escape sequence '\ '
  '__doc__': """\ `Cloud Endpoints <https://cloud.google.com/endpoints>`__
lib/third_party/google/cloud/bigquery_logging_v1/proto/audit_data_pb2.py:2770: SyntaxWarning: invalid escape sequence '\ '
  '__doc__': """User-provided metadata for a table.
lib/third_party/google/cloud/bigquery_logging_v1/proto/audit_data_pb2.py:2841: SyntaxWarning: invalid escape sequence '\ '
  '__doc__': """User-provided metadata for a dataset.
platform/gsutil/gslib/tests/test_shim_util.py:1188: SyntaxWarning: invalid escape sequence '\^'
  self.assertEqual(shim_util.get_format_flag_newline(), '^\^n')
platform/gsutil/gslib/tests/test_rsync.py:2932: SyntaxWarning: invalid escape sequence '\.'
  ['rsync', '-r', flag, '^(?!.*\.txt$).*', tmpdir,
platform/gsutil/gslib/vendored/boto/boto/__init__.py:1105: SyntaxWarning: invalid escape sequence '\c'
  """
platform/gsutil/gslib/vendored/boto/boto/cloudfront/distribution.py:512: SyntaxWarning: invalid escape sequence '\*'
  """
platform/gsutil/gslib/vendored/boto/boto/cloudsearchdomain/layer1.py:79: SyntaxWarning: invalid escape sequence '\`'
  """
platform/gsutil/gslib/vendored/boto/boto/connection.py:672: SyntaxWarning: invalid escape sequence '\w'
  '(?:(?P<user>[\w\-\.]+):(?P<pass>.*)@)?'
platform/gsutil/gslib/vendored/boto/boto/connection.py:673: SyntaxWarning: invalid escape sequence '\w'
  '(?P<host>[\w\-\.]+)'
platform/gsutil/gslib/vendored/boto/boto/connection.py:674: SyntaxWarning: invalid escape sequence '\d'
  '(?::(?P<port>\d+))?'
platform/gsutil/gslib/vendored/boto/boto/connection.py:1121: SyntaxWarning: invalid escape sequence '\.'
  'specific endpoint this request was sent to\.'
platform/gsutil/gslib/vendored/boto/boto/https_connection.py:80: SyntaxWarning: invalid escape sequence '\.'
  host_re = host.replace('.', '\.').replace('*', '[^.]*')
platform/gsutil/gslib/vendored/boto/boto/gs/resumable_upload_handler.py:240: SyntaxWarning: invalid escape sequence '\d'
  m = re.search('bytes=(\d+)-(\d+)', range_spec)
platform/gsutil/gslib/vendored/boto/boto/pyami/config.py:98: SyntaxWarning: invalid escape sequence '\s'
  match = re.match("^#import[\s\t]*([^\s^\t]*)[\s\t]*$", line)
platform/gsutil/gslib/vendored/boto/boto/opsworks/layer1.py:2640: SyntaxWarning: invalid escape sequence '\A'
  """
platform/gsutil/gslib/vendored/boto/boto/redshift/layer1.py:327: SyntaxWarning: invalid escape sequence '\,'
  """
platform/gsutil/gslib/vendored/boto/boto/redshift/layer1.py:2164: SyntaxWarning: invalid escape sequence '\)'
  """
platform/gsutil/gslib/vendored/boto/boto/redshift/layer1.py:2264: SyntaxWarning: invalid escape sequence '\,'
  """
platform/gsutil/gslib/vendored/boto/boto/sdb/db/manager/sdbmanager.py:348: SyntaxWarning: invalid escape sequence '\/'
  match = re.match("^s3:\/\/([^\/]*)\/(.*)$", value.id)
platform/gsutil/gslib/vendored/boto/boto/sdb/db/manager/sdbmanager.py:363: SyntaxWarning: invalid escape sequence '\/'
  match = re.match("^s3:\/\/([^\/]*)\/(.*)$", value)
platform/gsutil/gslib/vendored/boto/boto/sdb/db/property.py:265: SyntaxWarning: invalid escape sequence '\/'
  validate_regex = "^s3:\/\/([^\/]*)\/(.*)$"
platform/gsutil/third_party/argcomplete/test/test.py:371: SyntaxWarning: invalid escape sequence '\ '
  ("prog eggs on\\ a", [r"on\ a\ train", "on\ a\ boat"]),
platform/gsutil/third_party/argcomplete/test/test.py:398: SyntaxWarning: invalid escape sequence '\ '
  ("prog --книга П", [r"Парень\ из\ преисподней", "Понедельник\ начинается\ в\ субботу"]),
platform/gsutil/third_party/argcomplete/test/test.py:888: SyntaxWarning: invalid escape sequence '\$'
  self.assertEqual(self.prefix('a\$b'), 'a$b')
platform/gsutil/third_party/argcomplete/test/test.py:889: SyntaxWarning: invalid escape sequence '\`'
  self.assertEqual(self.prefix('a\`b'), 'a`b')
platform/gsutil/third_party/argcomplete/test/test.py:897: SyntaxWarning: invalid escape sequence '\$'
  self.assertEqual(self.prefix('"a\$b'), 'a$b')
platform/gsutil/third_party/argcomplete/test/test.py:898: SyntaxWarning: invalid escape sequence '\`'
  self.assertEqual(self.prefix('"a\`b'), 'a`b')
platform/gsutil/third_party/pyasn1/pyasn1/type/namedval.py:15: SyntaxWarning: invalid escape sequence '\*'
  """Create named values object.
platform/gsutil/third_party/pyasn1/pyasn1/type/constraint.py:100: SyntaxWarning: invalid escape sequence '\*'
  """Create a SingleValueConstraint object.
platform/gsutil/third_party/pyasn1/pyasn1/type/constraint.py:141: SyntaxWarning: invalid escape sequence '\*'
  """Create a ContainedSubtypeConstraint object.
platform/gsutil/third_party/pyasn1/pyasn1/type/constraint.py:301: SyntaxWarning: invalid escape sequence '\*'
  """Create a PermittedAlphabetConstraint object.
platform/gsutil/third_party/pyasn1/pyasn1/type/constraint.py:457: SyntaxWarning: invalid escape sequence '\*'
  """Create a ConstraintsIntersection logic operator object.
platform/gsutil/third_party/pyasn1/pyasn1/type/constraint.py:501: SyntaxWarning: invalid escape sequence '\*'
  """Create a ConstraintsUnion logic operator object.

2024-08-27 14:13:48,334 INFO     ___FILE_ONLY___ 
Update done!


2024-08-27 14:13:48,334 INFO     ___FILE_ONLY___ To revert your CLI to the previously installed version, you may run:
  $ gcloud components update --version 488.0.0


2024-08-27 14:13:48,337 DEBUG    root            Chosen display Format:none
2024-08-27 14:13:48,337 INFO     root            Display format: "none"
2024-08-27 14:13:48,342 DEBUG    root            Metrics reporting process started...
