2024-08-27 14:13:05,792 DEBUG    root            Loaded Command Group: ['gcloud', 'compute']
2024-08-27 14:13:05,794 DEBUG    root            Loaded Command Group: ['gcloud', 'compute', 'instances']
2024-08-27 14:13:05,801 DEBUG    root            Loaded Command Group: ['gcloud', 'compute', 'instances', 'list']
2024-08-27 14:13:05,802 DEBUG    root            Running [gcloud.compute.instances.list] with arguments: [--filter: "status=TERMINATED", --format: "table[no-heading](name, zone)"]
2024-08-27 14:13:05,892 DEBUG    google.auth.transport.requests Making request: POST https://oauth2.googleapis.com/token
2024-08-27 14:13:06,047 DEBUG    urllib3.connectionpool Starting new HTTPS connection (1): oauth2.googleapis.com:443
2024-08-27 14:13:06,592 DEBUG    urllib3.connectionpool https://oauth2.googleapis.com:443 "POST /token HTTP/1.1" 200 None
2024-08-27 14:13:06,691 INFO     root            client_filter=None server_filter='status eq TERMINATED'
2024-08-27 14:13:06,691 DEBUG    root            Chosen display Format:    table(
      name,
      zone.basename(),
      machineType.machine_type().basename(),
      scheduling.preemptible.yesno(yes=true, no=''),
      networkInterfaces[].networkIP.notnull().list():label=INTERNAL_IP,
      networkInterfaces[].accessConfigs[0].natIP.notnull().list()      :label=EXTERNAL_IP,
      status
    ) table[no-heading](name, zone)
2024-08-27 14:13:06,692 INFO     root            Display format: "    table(
      name,
      zone.basename(),
      machineType.machine_type().basename(),
      scheduling.preemptible.yesno(yes=true, no=''),
      networkInterfaces[].networkIP.notnull().list():label=INTERNAL_IP,
      networkInterfaces[].accessConfigs[0].natIP.notnull().list()      :label=EXTERNAL_IP,
      status
    ) table[no-heading](name, zone)"
2024-08-27 14:13:06,772 DEBUG    urllib3.connectionpool Starting new HTTPS connection (1): compute.googleapis.com:443
2024-08-27 14:13:07,549 DEBUG    urllib3.connectionpool https://compute.googleapis.com:443 "GET /compute/v1/projects/modded-server-417514/aggregated/instances?alt=json&includeAllScopes=True&maxResults=500&returnPartialSuccess=True HTTP/1.1" 200 None
2024-08-27 14:13:07,579 INFO     ___FILE_ONLY___ testing-instance
2024-08-27 14:13:07,579 INFO     ___FILE_ONLY___   
2024-08-27 14:13:07,579 INFO     ___FILE_ONLY___ europe-west2-a
2024-08-27 14:13:07,579 INFO     ___FILE_ONLY___ 

2024-08-27 14:13:07,579 INFO     ___FILE_ONLY___ cheaper-server
2024-08-27 14:13:07,579 INFO     ___FILE_ONLY___     
2024-08-27 14:13:07,579 INFO     ___FILE_ONLY___ europe-west9-a
2024-08-27 14:13:07,579 INFO     ___FILE_ONLY___ 

2024-08-27 14:13:07,580 DEBUG    root            Checking for updates...
2024-08-27 14:13:07,726 DEBUG    urllib3.connectionpool Starting new HTTPS connection (1): dl.google.com:443
2024-08-27 14:13:08,253 DEBUG    urllib3.connectionpool https://dl.google.com:443 "GET /dl/cloudsdk/channels/rapid/components-2.json HTTP/1.1" 200 229029
2024-08-27 14:13:08,639 DEBUG    root            Metrics reporting process started...
