2024-08-27 14:13:08,968 DEBUG    root            Loaded Command Group: ['gcloud', 'compute']
2024-08-27 14:13:08,970 DEBUG    root            Loaded Command Group: ['gcloud', 'compute', 'instances']
2024-08-27 14:13:08,980 DEBUG    root            Loaded Command Group: ['gcloud', 'compute', 'instances', 'start']
2024-08-27 14:13:08,981 DEBUG    root            Running [gcloud.compute.instances.start] with arguments: [--zone: "europe-west2-a", INSTANCE_NAMES:1: "['testing-instance']"]
2024-08-27 14:13:09,046 DEBUG    urllib3.connectionpool Starting new HTTPS connection (1): compute.googleapis.com:443
2024-08-27 14:13:09,645 DEBUG    urllib3.connectionpool https://compute.googleapis.com:443 "POST /compute/v1/projects/modded-server-417514/zones/europe-west2-a/instances/testing-instance/start?alt=json HTTP/1.1" 200 None
2024-08-27 14:13:09,652 INFO     ___FILE_ONLY___ Starting instance(s) testing-instance...
2024-08-27 14:13:10,665 DEBUG    urllib3.connectionpool Starting new HTTPS connection (1): compute.googleapis.com:443
2024-08-27 14:13:17,726 DEBUG    urllib3.connectionpool https://compute.googleapis.com:443 "POST /compute/v1/projects/modded-server-417514/zones/europe-west2-a/operations/operation-1724764389146-620aa00bc7e5e-2246a98e-19d22a7c/wait?alt=json HTTP/1.1" 200 None
2024-08-27 14:13:17,801 DEBUG    urllib3.connectionpool Starting new HTTPS connection (1): compute.googleapis.com:443
2024-08-27 14:13:18,062 DEBUG    urllib3.connectionpool https://compute.googleapis.com:443 "GET /compute/v1/projects/modded-server-417514/zones/europe-west2-a/instances/testing-instance?alt=json HTTP/1.1" 200 None
2024-08-27 14:13:18,073 INFO     ___FILE_ONLY___ Updated [https://compute.googleapis.com/compute/v1/projects/modded-server-417514/zones/europe-west2-a/instances/testing-instance].

2024-08-27 14:13:18,073 INFO     ___FILE_ONLY___ Instance internal IP is 10.154.0.33

2024-08-27 14:13:18,073 INFO     ___FILE_ONLY___ Instance external IP is 35.214.91.141

2024-08-27 14:13:18,073 DEBUG    root            Chosen display Format:none
2024-08-27 14:13:18,074 INFO     root            Display format: "none"
2024-08-27 14:13:18,093 INFO     ___FILE_ONLY___ 

Updates are available for some Google Cloud CLI components.  To install them,
please run:
  $ gcloud components update


2024-08-27 14:13:18,101 DEBUG    root            Metrics reporting process started...
