2024-08-25 00:34:51,869 DEBUG    root            Loaded Command Group: ['gcloud', 'compute']
2024-08-25 00:34:51,871 DEBUG    root            Loaded Command Group: ['gcloud', 'compute', 'instances']
2024-08-25 00:34:51,877 DEBUG    root            Loaded Command Group: ['gcloud', 'compute', 'instances', 'list']
2024-08-25 00:34:51,878 DEBUG    root            Running [gcloud.compute.instances.list] with arguments: [--format: "table[no-heading](name, networkInterfaces[0].accessConfigs[0].natIP:label=EXTERNAL_IP)"]
2024-08-25 00:34:52,167 DEBUG    google.auth.transport.requests Making request: POST https://oauth2.googleapis.com/token
2024-08-25 00:34:52,226 DEBUG    urllib3.connectionpool Starting new HTTPS connection (1): oauth2.googleapis.com:443
2024-08-25 00:34:52,497 DEBUG    urllib3.connectionpool https://oauth2.googleapis.com:443 "POST /token HTTP/1.1" 200 None
2024-08-25 00:34:52,598 DEBUG    root            Chosen display Format:    table(
      name,
      zone.basename(),
      machineType.machine_type().basename(),
      scheduling.preemptible.yesno(yes=true, no=''),
      networkInterfaces[].networkIP.notnull().list():label=INTERNAL_IP,
      networkInterfaces[].accessConfigs[0].natIP.notnull().list()      :label=EXTERNAL_IP,
      status
    ) table[no-heading](name, networkInterfaces[0].accessConfigs[0].natIP:label=EXTERNAL_IP)
2024-08-25 00:34:52,599 INFO     root            Display format: "    table(
      name,
      zone.basename(),
      machineType.machine_type().basename(),
      scheduling.preemptible.yesno(yes=true, no=''),
      networkInterfaces[].networkIP.notnull().list():label=INTERNAL_IP,
      networkInterfaces[].accessConfigs[0].natIP.notnull().list()      :label=EXTERNAL_IP,
      status
    ) table[no-heading](name, networkInterfaces[0].accessConfigs[0].natIP:label=EXTERNAL_IP)"
2024-08-25 00:34:52,658 DEBUG    urllib3.connectionpool Starting new HTTPS connection (1): compute.googleapis.com:443
2024-08-25 00:34:53,434 DEBUG    urllib3.connectionpool https://compute.googleapis.com:443 "GET /compute/v1/projects/modded-server-417514/aggregated/instances?alt=json&includeAllScopes=True&maxResults=500&returnPartialSuccess=True HTTP/1.1" 200 None
2024-08-25 00:34:53,467 INFO     root            cache collection=compute.instances api_version=v1 params=['project', 'zone', 'instance']
2024-08-25 00:34:53,493 INFO     ___FILE_ONLY___ testing-instance
2024-08-25 00:34:53,493 INFO     ___FILE_ONLY___   
2024-08-25 00:34:53,493 INFO     ___FILE_ONLY___ 35.214.49.135
2024-08-25 00:34:53,493 INFO     ___FILE_ONLY___ 

2024-08-25 00:34:53,493 INFO     ___FILE_ONLY___ cheaper-server
2024-08-25 00:34:53,493 INFO     ___FILE_ONLY___ 

2024-08-25 00:34:53,500 DEBUG    root            Metrics reporting process started...
