2024-09-04 08:31:00,330 DEBUG    root            Loaded Command Group: ['gcloud', 'compute']
2024-09-04 08:31:00,342 DEBUG    root            Loaded Command Group: ['gcloud', 'compute', 'instances']
2024-09-04 08:31:00,351 DEBUG    root            Loaded Command Group: ['gcloud', 'compute', 'instances', 'list']
2024-09-04 08:31:00,352 DEBUG    root            Running [gcloud.compute.instances.list] with arguments: [--filter: "status=TERMINATED", --format: "table[no-heading](name, zone)"]
2024-09-04 08:31:00,473 DEBUG    google.auth.transport.requests Making request: POST https://oauth2.googleapis.com/token
2024-09-04 08:31:00,554 DEBUG    urllib3.connectionpool Starting new HTTPS connection (1): oauth2.googleapis.com:443
2024-09-04 08:31:00,927 DEBUG    urllib3.connectionpool https://oauth2.googleapis.com:443 "POST /token HTTP/1.1" 200 None
2024-09-04 08:31:01,041 INFO     root            client_filter=None server_filter='status eq TERMINATED'
2024-09-04 08:31:01,042 DEBUG    root            Chosen display Format:    table(
      name,
      zone.basename(),
      machineType.machine_type().basename(),
      scheduling.preemptible.yesno(yes=true, no=''),
      networkInterfaces[].networkIP.notnull().list():label=INTERNAL_IP,
      networkInterfaces[].accessConfigs[0].natIP.notnull().list()      :label=EXTERNAL_IP,
      status
    ) table[no-heading](name, zone)
2024-09-04 08:31:01,043 INFO     root            Display format: "    table(
      name,
      zone.basename(),
      machineType.machine_type().basename(),
      scheduling.preemptible.yesno(yes=true, no=''),
      networkInterfaces[].networkIP.notnull().list():label=INTERNAL_IP,
      networkInterfaces[].accessConfigs[0].natIP.notnull().list()      :label=EXTERNAL_IP,
      status
    ) table[no-heading](name, zone)"
2024-09-04 08:31:01,129 DEBUG    urllib3.connectionpool Starting new HTTPS connection (1): compute.googleapis.com:443
2024-09-04 08:31:02,019 DEBUG    urllib3.connectionpool https://compute.googleapis.com:443 "GET /compute/v1/projects/modded-server-417514/aggregated/instances?alt=json&includeAllScopes=True&maxResults=500&returnPartialSuccess=True HTTP/1.1" 200 None
2024-09-04 08:31:02,051 INFO     ___FILE_ONLY___ cheaper-server
2024-09-04 08:31:02,051 INFO     ___FILE_ONLY___   
2024-09-04 08:31:02,051 INFO     ___FILE_ONLY___ europe-west9-a
2024-09-04 08:31:02,051 INFO     ___FILE_ONLY___ 

2024-09-04 08:31:02,052 DEBUG    root            Checking for updates...
2024-09-04 08:31:02,110 DEBUG    urllib3.connectionpool Starting new HTTPS connection (1): dl.google.com:443
2024-09-04 08:31:03,078 DEBUG    urllib3.connectionpool https://dl.google.com:443 "GET /dl/cloudsdk/channels/rapid/components-2.json HTTP/1.1" 200 229029
2024-09-04 08:31:03,487 DEBUG    root            Metrics reporting process started...
