2024-09-04 08:31:03,966 DEBUG    root            Loaded Command Group: ['gcloud', 'compute']
2024-09-04 08:31:03,968 DEBUG    root            Loaded Command Group: ['gcloud', 'compute', 'instances']
2024-09-04 08:31:03,982 DEBUG    root            Loaded Command Group: ['gcloud', 'compute', 'instances', 'start']
2024-09-04 08:31:03,983 DEBUG    root            Running [gcloud.compute.instances.start] with arguments: [--zone: "europe-west9-a", INSTANCE_NAMES:1: "['cheaper-server']"]
2024-09-04 08:31:04,089 DEBUG    urllib3.connectionpool Starting new HTTPS connection (1): compute.googleapis.com:443
2024-09-04 08:31:05,399 DEBUG    urllib3.connectionpool https://compute.googleapis.com:443 "POST /compute/v1/projects/modded-server-417514/zones/europe-west9-a/instances/cheaper-server/start?alt=json HTTP/1.1" 200 None
2024-09-04 08:31:05,406 INFO     ___FILE_ONLY___ Starting instance(s) cheaper-server...
2024-09-04 08:31:06,417 DEBUG    urllib3.connectionpool Starting new HTTPS connection (1): compute.googleapis.com:443
2024-09-04 08:31:13,153 DEBUG    urllib3.connectionpool https://compute.googleapis.com:443 "POST /compute/v1/projects/modded-server-417514/zones/europe-west9-a/operations/operation-1725435064849-62146281f95ff-cd5c9d5b-16726454/wait?alt=json HTTP/1.1" 200 None
2024-09-04 08:31:13,174 DEBUG    urllib3.connectionpool Starting new HTTPS connection (1): compute.googleapis.com:443
2024-09-04 08:31:13,552 DEBUG    urllib3.connectionpool https://compute.googleapis.com:443 "GET /compute/v1/projects/modded-server-417514/zones/europe-west9-a/instances/cheaper-server?alt=json HTTP/1.1" 200 None
2024-09-04 08:31:13,560 INFO     ___FILE_ONLY___ Updated [https://compute.googleapis.com/compute/v1/projects/modded-server-417514/zones/europe-west9-a/instances/cheaper-server].

2024-09-04 08:31:13,560 INFO     ___FILE_ONLY___ Instance internal IP is 10.200.0.5

2024-09-04 08:31:13,560 INFO     ___FILE_ONLY___ Instance external IP is 34.1.4.232

2024-09-04 08:31:13,561 DEBUG    root            Chosen display Format:none
2024-09-04 08:31:13,561 INFO     root            Display format: "none"
2024-09-04 08:31:13,579 INFO     ___FILE_ONLY___ 

Updates are available for some Google Cloud CLI components.  To install them,
please run:
  $ gcloud components update


2024-09-04 08:31:13,588 DEBUG    root            Metrics reporting process started...
