2024-08-26 11:08:06,900 DEBUG    root            Loaded Command Group: ['gcloud', 'compute']
2024-08-26 11:08:06,924 DEBUG    root            Loaded Command Group: ['gcloud', 'compute', 'ssh']
2024-08-26 11:08:06,926 DEBUG    root            Running [gcloud.compute.ssh] with arguments: [--zone: "europe-west2-a", [USER@]INSTANCE: "testing-instance"]
2024-08-26 11:08:07,069 DEBUG    urllib3.connectionpool Starting new HTTPS connection (1): compute.googleapis.com:443
2024-08-26 11:08:07,508 DEBUG    urllib3.connectionpool https://compute.googleapis.com:443 "GET /compute/v1/projects/modded-server-417514/zones/europe-west2-a/instances/testing-instance?alt=json HTTP/1.1" 200 None
2024-08-26 11:08:07,524 DEBUG    urllib3.connectionpool Starting new HTTPS connection (1): compute.googleapis.com:443
2024-08-26 11:08:08,136 DEBUG    urllib3.connectionpool https://compute.googleapis.com:443 "GET /compute/v1/projects/modded-server-417514?alt=json HTTP/1.1" 200 None
2024-08-26 11:08:08,146 DEBUG    root            OS Login Enabled: False
2FA Enabled: False
Security Keys Enabled: False
Username: bartek
Third Party User: False
SSH Security Key Support: None
Environment: None
Security Keys:

Signed SSH Key: False
Require Certificates: False

2024-08-26 11:08:08,147 DEBUG    root            Current SSH keys in project: ['bartek:ssh-rsa AAAAB3NzaC1yc2EAAAADAQABAAABgQDpXhNmmIKm76tAX+ZgjHF7y67KDOklMbc6sqb+1lQqK5HStGq80NhG3xPb42hCGFVHu94R77oTO5Eexq60mTBp++Hk5uB6B65My9IpxZ7x0rcuud6k/rLNqyfc9DygioyI3h3oNbbd2i3QcfbXZwFCW2uGAr612ccuR2X2hwVeulGwlOawsV6YusgGKTruOJJGZv8MnApBpc6gt2LkywmSLxwY9IwDkUUdzisw1qooZwpJuwzLC7jlbgMMdg3Crv/JtuO5B9ToOiMqJsmAA0B44/8THtEnQ8QBDu+6CWZSUfm4ONFEmUjjfz9bjs7TGSxaA36PpN+EQvuEBpWTMh/lQy6DnHSnATkilg8mrNvSjkllWPXab9TXQnD0Ed+SkTm/+n9ns10RGcFoGS2DhYI5tBNooItItBqYnzt7MVZyWfoHAfSmKKqhSUYmrgN1+IDqlgrbTKX/HGdP1Vzs2hinhoYuTPiJwFOgI2wPv/S97Z2xY3ivtzXc0RsPyt+rrzk= bartek@Barteks-MacBook-Air.local', 'nk3h8wbq:ssh-rsa AAAAB3NzaC1yc2EAAAADAQABAAABgQCkLqs4ZDse0Li4FT9vbDvYBJMW5VHGNq5nQ9RdfYomMNLAD/18Hvi7Nkt2tHiWlaQzaoPt6iDuwiC8zPdQnR4AwUAn71zzWKLbqmeB5DopxbSqje3nv6PsfsDSc0s1XVD0OXwtgtlwVyd0rkPa0g/E/wR1BFl+PPwu9/mXw3J+hvJA7iHh33AK4+k0Na7ApVmskUQSDdYpvWI4c13PfGIDS96H237imyo8/PfBNJfYrWCyBdCRuXXJq5zwtXi2O7L2GJvdiu3ClWEM1U3glQshuxsytlBJhXd+JIO4CWpNNt8Mr+cD35NfMRmhZz0SpkU4qd6VZwix0g+hfuHxS95eNtwtX44fxVjBiGmDx6HpA1YGalVbROkHehN/4Je1bwni+6u97cHaOpO+EtYo7vdAjDgOLDvzbFJ7m2SkUmw8IZZ9YzrFIV6KXpSIdSAgC3UfhLrGYhCXOmZrof/xuZkjQvOdYcNP0lggSK6iPhrS5679KD2JfyJMsuXRtMUW2oc= nk3h8wbq@cs-272286564272-default', 'LAWNMOWER\\akbb0:ssh-rsa AAAAB3NzaC1yc2EAAAADAQABAAABAQDMD1M2FQP+z+iSa11MxTF3YzZLjLl4sD2kjmwj4M2MU5LCoo1z6Uk60ZGSEz7A0nPnaJj2m5ao2FQGnyx9obGYtvnkV7YG7ub2IoIMLryk7vVckSNh2OOp7CvCbyIQbcNrQ3XxmztQ7WRTVlrxfJGutt9V5v8S9V82QZCDaY9cT442GRRa4YjXG4QPu6YasREp+W2+YZiKVAjW9eNqrc/tXoJ+nfEtVvRkx34MHeF1TNo3L8wvMGdGw5EHx0Xvd10H0qhuanbXtNbaawIc/56GHRjGlny9O9hSQmmhh2fL2+5i/wYNHuYvvOWEECqCOS69tshY2ESSnLKtfLb6htoT LAWNMOWER\\akbb0@lawnmower', 'akbb0:ssh-rsa AAAAB3NzaC1yc2EAAAADAQABAAABgQCq1geZImAZ4jnpTCqO80t2Z9oWxcMoiqDU7bjmDbAwo68WLVPt2wCUUSgIj13nUVqcm+Z9r6v/wt71iE9yu079u4I/tS9QV6Dvvlg1KMQ3NsGAVOIpdYgJg7lpGEJP+hjzbsoRs9NsKrINR27xZX0l16OGi+CE5vUV9gj1A2yl36onH9OvFQTgDpE7kt+iurW81us8LZF68fIdTj6F3FfC5QZkoLP8NGcngX3LNcQcqVx0yIaLei65UWwXJUYa9WOInv7AqJ60YprKh3aGeP+90iPlFou615Kl/zx4pbJirb66RSBf65VQ2dhqWRRWlV5ai1qUQmwjvQIzRc7YtfbSB3OkEZKDByWrV/vrGtMZBwyNGnAaH6vIiUezhTiHSK32uNTvH/9rOJwWtt3PlaGmlVlyRQqsw/PJ58P687jmb1Cxarz5WrRWPRMyHJOwi2T6Klu+7sshRr+o7zaMW213rhwftEsHOOnaf6cPPgURhbl5ED2hWG/dUWkpyafJ9e8= akbb0@lawnmower', 'nk3h8wbq:ssh-rsa AAAAB3NzaC1yc2EAAAADAQABAAABgQDSob8TB3/3Wj/MdiFJmxRTn4/Nsm8Q4lQMQNbZIvnar7uJS9KOz7p5RMcJfAfb8DJhBIoklm2BITgw+/QW0XSjXUWtGYei5MMGwiUsXxpFD158uA556gFwL8EjTXbTVOaVtgbd0YIZLpuIMFnBN/f8cd/dVLTBoXWXhEnGqhktSPN9hGShkU2W/LvzH8sDm3b3VcwhZZcwicexPDT3iWAva510TdaXN4P3ohUMgEHq80okFBWMCVmX6FVZ/Be2dWzIY9mLAzillVJsR+enoo8QNtj3z3vWmmj4j9CYP19fTOoMrm2Q1sQEOnHgttTKjfrRIuFlD3gbf197bMTEfalk9CWS/Y/jZD/t2usswLhgs4mwn1er1UopGPUP84qcTCKrZhj47u904rIXW+00hkgm8YJGz7SfKeueoURESwXw0kUga3e7EsenqXr2yxdwiTUQLwsZKvMzYyGQcsbpMzcwPhSmH+Vmx88zLFA58qWIXJRehhX6oOUv7g76wjrBuV0= nk3h8wbq']
2024-08-26 11:08:08,147 DEBUG    root            Running command [/usr/bin/ssh -t -i /Users/bartek/.ssh/google_compute_engine -o CheckHostIP=no -o HashKnownHosts=no -o HostKeyAlias=compute.9127810890217942839 -o IdentitiesOnly=yes -o StrictHostKeyChecking=yes -o UserKnownHostsFile=/Users/bartek/.ssh/google_compute_known_hosts bartek@35.214.91.141].
2024-08-26 11:08:08,147 DEBUG    root            Executing command: ['/usr/bin/ssh', '-t', '-i', '/Users/bartek/.ssh/google_compute_engine', '-o', 'CheckHostIP=no', '-o', 'HashKnownHosts=no', '-o', 'HostKeyAlias=compute.9127810890217942839', '-o', 'IdentitiesOnly=yes', '-o', 'StrictHostKeyChecking=yes', '-o', 'UserKnownHostsFile=/Users/bartek/.ssh/google_compute_known_hosts', 'bartek@35.214.91.141']
2024-08-26 11:12:24,737 DEBUG    root            Metrics reporting process started...
