2024-08-26 13:24:00,298 DEBUG    root            Loaded Command Group: ['gcloud', 'compute']
2024-08-26 13:24:00,300 DEBUG    root            Loaded Command Group: ['gcloud', 'compute', 'instances']
2024-08-26 13:24:00,306 DEBUG    root            Loaded Command Group: ['gcloud', 'compute', 'instances', 'list']
2024-08-26 13:24:00,307 DEBUG    root            Running [gcloud.compute.instances.list] with arguments: [--filter: "status=RUNNING", --format: "table[no-heading](name, zone)"]
2024-08-26 13:24:00,382 INFO     root            client_filter=None server_filter='status eq RUNNING'
2024-08-26 13:24:00,383 DEBUG    root            Chosen display Format:    table(
      name,
      zone.basename(),
      machineType.machine_type().basename(),
      scheduling.preemptible.yesno(yes=true, no=''),
      networkInterfaces[].networkIP.notnull().list():label=INTERNAL_IP,
      networkInterfaces[].accessConfigs[0].natIP.notnull().list()      :label=EXTERNAL_IP,
      status
    ) table[no-heading](name, zone)
2024-08-26 13:24:00,383 INFO     root            Display format: "    table(
      name,
      zone.basename(),
      machineType.machine_type().basename(),
      scheduling.preemptible.yesno(yes=true, no=''),
      networkInterfaces[].networkIP.notnull().list():label=INTERNAL_IP,
      networkInterfaces[].accessConfigs[0].natIP.notnull().list()      :label=EXTERNAL_IP,
      status
    ) table[no-heading](name, zone)"
2024-08-26 13:24:01,170 DEBUG    urllib3.connectionpool Starting new HTTPS connection (1): compute.googleapis.com:443
2024-08-26 13:24:02,067 DEBUG    urllib3.connectionpool https://compute.googleapis.com:443 "GET /compute/v1/projects/modded-server-417514/aggregated/instances?alt=json&includeAllScopes=True&maxResults=500&returnPartialSuccess=True HTTP/1.1" 200 None
2024-08-26 13:24:02,100 INFO     ___FILE_ONLY___ testing-instance
2024-08-26 13:24:02,100 INFO     ___FILE_ONLY___   
2024-08-26 13:24:02,101 INFO     ___FILE_ONLY___ europe-west2-a
2024-08-26 13:24:02,101 INFO     ___FILE_ONLY___ 

2024-08-26 13:24:02,108 DEBUG    root            Metrics reporting process started...
